<?xml version="1.0" encoding="UTF-8"?>
<testng-results skipped="0" failed="0" total="3" passed="3">
  <reporter-output>
  </reporter-output>
  <suite name="Default suite" duration-ms="177" started-at="2013-08-19T01:17:43Z" finished-at="2013-08-19T01:17:43Z">
    <groups>
    </groups>
    <test name="Default test" duration-ms="177" started-at="2013-08-19T01:17:43Z" finished-at="2013-08-19T01:17:43Z">
      <class name="org.commons.jconfig.loader.adapters.LsgAdapterTest">
        <test-method status="PASS" signature="BeforeTest()[pri:0, instance:org.commons.jconfig.loader.adapters.LsgAdapterTest@6833f0de]" name="BeforeTest" is-config="true" duration-ms="11" started-at="2013-08-18T18:17:43Z" finished-at="2013-08-18T18:17:43Z">
          <reporter-output>
          </reporter-output>
        </test-method> <!-- BeforeTest -->
        <test-method status="PASS" signature="testLSGAdapter()[pri:0, instance:org.commons.jconfig.loader.adapters.LsgAdapterTest@6833f0de]" name="testLSGAdapter" duration-ms="153" started-at="2013-08-18T18:17:43Z" finished-at="2013-08-18T18:17:43Z">
          <reporter-output>
          </reporter-output>
        </test-method> <!-- testLSGAdapter -->
        <test-method status="PASS" signature="testLSGAdapterMissingAutoConfFile()[pri:0, instance:org.commons.jconfig.loader.adapters.LsgAdapterTest@6833f0de]" name="testLSGAdapterMissingAutoConfFile" duration-ms="2" started-at="2013-08-18T18:17:43Z" finished-at="2013-08-18T18:17:43Z">
          <reporter-output>
          </reporter-output>
        </test-method> <!-- testLSGAdapterMissingAutoConfFile -->
        <test-method status="PASS" signature="testLSGAdapterMissingLsgConfig()[pri:0, instance:org.commons.jconfig.loader.adapters.LsgAdapterTest@6833f0de]" name="testLSGAdapterMissingLsgConfig" duration-ms="2" started-at="2013-08-18T18:17:43Z" finished-at="2013-08-18T18:17:43Z">
          <reporter-output>
          </reporter-output>
        </test-method> <!-- testLSGAdapterMissingLsgConfig -->
      </class> <!-- org.commons.jconfig.loader.adapters.LsgAdapterTest -->
    </test> <!-- Default test -->
  </suite> <!-- Default suite -->
</testng-results>
