<?xml version="1.0" encoding="UTF-8"?>
<!-- Generated by org.testng.reporters.JUnitXMLReporter -->
<testsuite hostname="wentwestjust-lm" name="Default test" tests="454" failures="292" timestamp="19 Aug 2013 01:11:08 GMT" time="3.079" errors="0">
  <testcase name="inserValueMultipleModules" time="0.031" classname="org.commons.jconfig.internal.ConfigManagerCacheTest">
    <failure type="java.lang.AssertionError" message="expected [stage1.sonora.bf1.yahoo.com] but found [stage1.sonora.bf1.xyz.com]">
      <![CDATA[java.lang.AssertionError: expected [stage1.sonora.bf1.yahoo.com] but found [stage1.sonora.bf1.xyz.com]
	at org.commons.jconfig.internal.ConfigManagerCacheTest.inserValueMultipleModules(ConfigManagerCacheTest.java:117)
	at sun.reflect.NativeMethodAccessorImpl.invoke0(Native Method)
	at java.lang.reflect.Method.invoke(Method.java:597)
]]>
    </failure>
  </testcase> <!-- inserValueMultipleModules -->
  <testcase name="insertDefaultValues" time="0.0010" classname="org.commons.jconfig.internal.ConfigManagerCacheTest">
    <failure type="java.lang.AssertionError" message="expected [vxs.ne1.yahoo.com] but found [vxs.ne1.xyz.com]">
      <![CDATA[java.lang.AssertionError: expected [vxs.ne1.yahoo.com] but found [vxs.ne1.xyz.com]
	at org.commons.jconfig.internal.ConfigManagerCacheTest.insertDefaultValues(ConfigManagerCacheTest.java:145)
	at sun.reflect.NativeMethodAccessorImpl.invoke0(Native Method)
	at java.lang.reflect.Method.invoke(Method.java:597)
]]>
    </failure>
  </testcase> <!-- insertDefaultValues -->
  <testcase name="insertValueInvalid" time="0.0020" classname="org.commons.jconfig.internal.ConfigManagerCacheTest"/>
  <testcase name="insertValueValid" time="0.0030" classname="org.commons.jconfig.internal.ConfigManagerCacheTest">
    <failure type="java.lang.AssertionError" message="expected [stage1.sonora.bf1.yahoo.com] but found [stage1.sonora.bf1.xyz.com]">
      <![CDATA[java.lang.AssertionError: expected [stage1.sonora.bf1.yahoo.com] but found [stage1.sonora.bf1.xyz.com]
	at org.commons.jconfig.internal.ConfigManagerCacheTest.insertValueValid(ConfigManagerCacheTest.java:63)
	at sun.reflect.NativeMethodAccessorImpl.invoke0(Native Method)
	at java.lang.reflect.Method.invoke(Method.java:597)
]]>
    </failure>
  </testcase> <!-- insertValueValid -->
  <testcase name="testThreadSafeClass" time="0.613" classname="org.commons.jconfig.internal.ConfigManagerCacheTest">
    <failure type="java.lang.OutOfMemoryError" message="unable to create new native thread">
      <![CDATA[java.lang.OutOfMemoryError: unable to create new native thread
	at java.lang.Thread.start0(Native Method)
	at java.lang.Thread.start(Thread.java:658)
	at org.commons.jconfig.internal.ConfigManagerCacheTest.testThreadSafeClass(ConfigManagerCacheTest.java:170)
	at sun.reflect.NativeMethodAccessorImpl.invoke0(Native Method)
	at java.lang.reflect.Method.invoke(Method.java:597)
	at java.util.concurrent.FutureTask$Sync.innerRun(FutureTask.java:303)
	at java.util.concurrent.FutureTask.run(FutureTask.java:138)
	at java.util.concurrent.ThreadPoolExecutor$Worker.runTask(ThreadPoolExecutor.java:886)
	at java.util.concurrent.ThreadPoolExecutor$Worker.run(ThreadPoolExecutor.java:908)
	at java.lang.Thread.run(Thread.java:680)
]]>
    </failure>
  </testcase> <!-- testThreadSafeClass -->
  <testcase name="testThreadSafeClass" time="0.599" classname="org.commons.jconfig.internal.ConfigManagerCacheTest">
    <failure type="java.lang.OutOfMemoryError" message="unable to create new native thread">
      <![CDATA[java.lang.OutOfMemoryError: unable to create new native thread
	at java.lang.Thread.start0(Native Method)
	at java.lang.Thread.start(Thread.java:658)
	at org.commons.jconfig.internal.ConfigManagerCacheTest.testThreadSafeClass(ConfigManagerCacheTest.java:162)
	at java.lang.reflect.Method.invoke(Method.java:597)
	at java.util.concurrent.FutureTask$Sync.innerRun(FutureTask.java:303)
	at java.util.concurrent.FutureTask.run(FutureTask.java:138)
	at java.util.concurrent.ThreadPoolExecutor$Worker.runTask(ThreadPoolExecutor.java:886)
	at java.util.concurrent.ThreadPoolExecutor$Worker.run(ThreadPoolExecutor.java:908)
	at java.lang.Thread.run(Thread.java:680)
]]>
    </failure>
  </testcase> <!-- testThreadSafeClass -->
  <testcase name="testThreadSafeClass" time="0.602" classname="org.commons.jconfig.internal.ConfigManagerCacheTest">
    <failure type="java.lang.OutOfMemoryError" message="unable to create new native thread">
      <![CDATA[java.lang.OutOfMemoryError: unable to create new native thread
	at java.lang.Thread.start0(Native Method)
	at java.lang.Thread.start(Thread.java:658)
	at org.commons.jconfig.internal.ConfigManagerCacheTest.testThreadSafeClass(ConfigManagerCacheTest.java:162)
	at java.lang.reflect.Method.invoke(Method.java:597)
	at java.util.concurrent.FutureTask$Sync.innerRun(FutureTask.java:303)
	at java.util.concurrent.FutureTask.run(FutureTask.java:138)
	at java.util.concurrent.ThreadPoolExecutor$Worker.runTask(ThreadPoolExecutor.java:886)
	at java.util.concurrent.ThreadPoolExecutor$Worker.run(ThreadPoolExecutor.java:908)
	at java.lang.Thread.run(Thread.java:680)
]]>
    </failure>
  </testcase> <!-- testThreadSafeClass -->
  <testcase name="testThreadSafeClass" time="0.601" classname="org.commons.jconfig.internal.ConfigManagerCacheTest">
    <failure type="java.lang.OutOfMemoryError" message="unable to create new native thread">
      <![CDATA[java.lang.OutOfMemoryError: unable to create new native thread
	at java.lang.Thread.start0(Native Method)
	at java.lang.Thread.start(Thread.java:658)
	at org.commons.jconfig.internal.ConfigManagerCacheTest.testThreadSafeClass(ConfigManagerCacheTest.java:162)
	at java.lang.reflect.Method.invoke(Method.java:597)
	at java.util.concurrent.FutureTask$Sync.innerRun(FutureTask.java:303)
	at java.util.concurrent.FutureTask.run(FutureTask.java:138)
	at java.util.concurrent.ThreadPoolExecutor$Worker.runTask(ThreadPoolExecutor.java:886)
	at java.util.concurrent.ThreadPoolExecutor$Worker.run(ThreadPoolExecutor.java:908)
	at java.lang.Thread.run(Thread.java:680)
]]>
    </failure>
  </testcase> <!-- testThreadSafeClass -->
  <testcase name="testThreadSafeClass" time="0.557" classname="org.commons.jconfig.internal.ConfigManagerCacheTest">
    <failure type="java.lang.OutOfMemoryError" message="unable to create new native thread">
      <![CDATA[java.lang.OutOfMemoryError: unable to create new native thread
	at java.lang.Thread.start0(Native Method)
	at java.lang.Thread.start(Thread.java:658)
	at org.commons.jconfig.internal.ConfigManagerCacheTest.testThreadSafeClass(ConfigManagerCacheTest.java:162)
	at java.lang.reflect.Method.invoke(Method.java:597)
	at java.util.concurrent.FutureTask$Sync.innerRun(FutureTask.java:303)
	at java.util.concurrent.FutureTask.run(FutureTask.java:138)
	at java.util.concurrent.ThreadPoolExecutor$Worker.runTask(ThreadPoolExecutor.java:886)
	at java.util.concurrent.ThreadPoolExecutor$Worker.run(ThreadPoolExecutor.java:908)
	at java.lang.Thread.run(Thread.java:680)
]]>
    </failure>
  </testcase> <!-- testThreadSafeClass -->
  <testcase name="testThreadSafeClass" time="0.56" classname="org.commons.jconfig.internal.ConfigManagerCacheTest">
    <failure type="java.lang.OutOfMemoryError" message="unable to create new native thread">
      <![CDATA[java.lang.OutOfMemoryError: unable to create new native thread
	at java.lang.Thread.start0(Native Method)
	at java.lang.Thread.start(Thread.java:658)
	at org.commons.jconfig.internal.ConfigManagerCacheTest.testThreadSafeClass(ConfigManagerCacheTest.java:162)
	at java.lang.reflect.Method.invoke(Method.java:597)
	at java.util.concurrent.FutureTask$Sync.innerRun(FutureTask.java:303)
	at java.util.concurrent.FutureTask.run(FutureTask.java:138)
	at java.util.concurrent.ThreadPoolExecutor$Worker.runTask(ThreadPoolExecutor.java:886)
	at java.util.concurrent.ThreadPoolExecutor$Worker.run(ThreadPoolExecutor.java:908)
	at java.lang.Thread.run(Thread.java:680)
]]>
    </failure>
  </testcase> <!-- testThreadSafeClass -->
  <testcase name="testThreadSafeClass" time="0.562" classname="org.commons.jconfig.internal.ConfigManagerCacheTest">
    <failure type="java.lang.OutOfMemoryError" message="unable to create new native thread">
      <![CDATA[java.lang.OutOfMemoryError: unable to create new native thread
	at java.lang.Thread.start0(Native Method)
	at java.lang.Thread.start(Thread.java:658)
	at org.commons.jconfig.internal.ConfigManagerCacheTest.testThreadSafeClass(ConfigManagerCacheTest.java:162)
	at java.lang.reflect.Method.invoke(Method.java:597)
	at java.util.concurrent.FutureTask$Sync.innerRun(FutureTask.java:303)
	at java.util.concurrent.FutureTask.run(FutureTask.java:138)
	at java.util.concurrent.ThreadPoolExecutor$Worker.runTask(ThreadPoolExecutor.java:886)
	at java.util.concurrent.ThreadPoolExecutor$Worker.run(ThreadPoolExecutor.java:908)
	at java.lang.Thread.run(Thread.java:680)
]]>
    </failure>
  </testcase> <!-- testThreadSafeClass -->
  <testcase name="testThreadSafeClass" time="0.557" classname="org.commons.jconfig.internal.ConfigManagerCacheTest">
    <failure type="java.lang.OutOfMemoryError" message="unable to create new native thread">
      <![CDATA[java.lang.OutOfMemoryError: unable to create new native thread
	at java.lang.Thread.start0(Native Method)
	at java.lang.Thread.start(Thread.java:658)
	at org.commons.jconfig.internal.ConfigManagerCacheTest.testThreadSafeClass(ConfigManagerCacheTest.java:162)
	at java.lang.reflect.Method.invoke(Method.java:597)
	at java.util.concurrent.FutureTask$Sync.innerRun(FutureTask.java:303)
	at java.util.concurrent.FutureTask.run(FutureTask.java:138)
	at java.util.concurrent.ThreadPoolExecutor$Worker.runTask(ThreadPoolExecutor.java:886)
	at java.util.concurrent.ThreadPoolExecutor$Worker.run(ThreadPoolExecutor.java:908)
	at java.lang.Thread.run(Thread.java:680)
]]>
    </failure>
  </testcase> <!-- testThreadSafeClass -->
  <testcase name="testThreadSafeClass" time="0.562" classname="org.commons.jconfig.internal.ConfigManagerCacheTest">
    <failure type="java.lang.OutOfMemoryError" message="unable to create new native thread">
      <![CDATA[java.lang.OutOfMemoryError: unable to create new native thread
	at java.lang.Thread.start0(Native Method)
	at java.lang.Thread.start(Thread.java:658)
	at org.commons.jconfig.internal.ConfigManagerCacheTest.testThreadSafeClass(ConfigManagerCacheTest.java:162)
	at java.lang.reflect.Method.invoke(Method.java:597)
	at java.util.concurrent.FutureTask$Sync.innerRun(FutureTask.java:303)
	at java.util.concurrent.FutureTask.run(FutureTask.java:138)
	at java.util.concurrent.ThreadPoolExecutor$Worker.runTask(ThreadPoolExecutor.java:886)
	at java.util.concurrent.ThreadPoolExecutor$Worker.run(ThreadPoolExecutor.java:908)
	at java.lang.Thread.run(Thread.java:680)
]]>
    </failure>
  </testcase> <!-- testThreadSafeClass -->
  <testcase name="testThreadSafeClass" time="0.599" classname="org.commons.jconfig.internal.ConfigManagerCacheTest">
    <failure type="java.lang.OutOfMemoryError" message="unable to create new native thread">
      <![CDATA[java.lang.OutOfMemoryError: unable to create new native thread
	at java.lang.Thread.start0(Native Method)
	at java.lang.Thread.start(Thread.java:658)
	at org.commons.jconfig.internal.ConfigManagerCacheTest.testThreadSafeClass(ConfigManagerCacheTest.java:162)
	at java.lang.reflect.Method.invoke(Method.java:597)
	at java.util.concurrent.FutureTask$Sync.innerRun(FutureTask.java:303)
	at java.util.concurrent.FutureTask.run(FutureTask.java:138)
	at java.util.concurrent.ThreadPoolExecutor$Worker.runTask(ThreadPoolExecutor.java:886)
	at java.util.concurrent.ThreadPoolExecutor$Worker.run(ThreadPoolExecutor.java:908)
	at java.lang.Thread.run(Thread.java:680)
]]>
    </failure>
  </testcase> <!-- testThreadSafeClass -->
  <testcase name="testThreadSafeClass" time="0.563" classname="org.commons.jconfig.internal.ConfigManagerCacheTest">
    <failure type="java.lang.OutOfMemoryError" message="unable to create new native thread">
      <![CDATA[java.lang.OutOfMemoryError: unable to create new native thread
	at java.lang.Thread.start0(Native Method)
	at java.lang.Thread.start(Thread.java:658)
	at org.commons.jconfig.internal.ConfigManagerCacheTest.testThreadSafeClass(ConfigManagerCacheTest.java:162)
	at java.lang.reflect.Method.invoke(Method.java:597)
	at java.util.concurrent.FutureTask$Sync.innerRun(FutureTask.java:303)
	at java.util.concurrent.FutureTask.run(FutureTask.java:138)
	at java.util.concurrent.ThreadPoolExecutor$Worker.runTask(ThreadPoolExecutor.java:886)
	at java.util.concurrent.ThreadPoolExecutor$Worker.run(ThreadPoolExecutor.java:908)
	at java.lang.Thread.run(Thread.java:680)
]]>
    </failure>
  </testcase> <!-- testThreadSafeClass -->
  <testcase name="testThreadSafeClass" time="0.558" classname="org.commons.jconfig.internal.ConfigManagerCacheTest">
    <failure type="java.lang.OutOfMemoryError" message="unable to create new native thread">
      <![CDATA[java.lang.OutOfMemoryError: unable to create new native thread
	at java.lang.Thread.start0(Native Method)
	at java.lang.Thread.start(Thread.java:658)
	at org.commons.jconfig.internal.ConfigManagerCacheTest.testThreadSafeClass(ConfigManagerCacheTest.java:162)
	at java.lang.reflect.Method.invoke(Method.java:597)
	at java.util.concurrent.FutureTask$Sync.innerRun(FutureTask.java:303)
	at java.util.concurrent.FutureTask.run(FutureTask.java:138)
	at java.util.concurrent.ThreadPoolExecutor$Worker.runTask(ThreadPoolExecutor.java:886)
	at java.util.concurrent.ThreadPoolExecutor$Worker.run(ThreadPoolExecutor.java:908)
	at java.lang.Thread.run(Thread.java:680)
]]>
    </failure>
  </testcase> <!-- testThreadSafeClass -->
  <testcase name="testThreadSafeClass" time="0.608" classname="org.commons.jconfig.internal.ConfigManagerCacheTest">
    <failure type="java.lang.OutOfMemoryError" message="unable to create new native thread">
      <![CDATA[java.lang.OutOfMemoryError: unable to create new native thread
	at java.lang.Thread.start0(Native Method)
	at java.lang.Thread.start(Thread.java:658)
	at org.commons.jconfig.internal.ConfigManagerCacheTest.testThreadSafeClass(ConfigManagerCacheTest.java:162)
	at java.lang.reflect.Method.invoke(Method.java:597)
	at java.util.concurrent.FutureTask$Sync.innerRun(FutureTask.java:303)
	at java.util.concurrent.FutureTask.run(FutureTask.java:138)
	at java.util.concurrent.ThreadPoolExecutor$Worker.runTask(ThreadPoolExecutor.java:886)
	at java.util.concurrent.ThreadPoolExecutor$Worker.run(ThreadPoolExecutor.java:908)
	at java.lang.Thread.run(Thread.java:680)
]]>
    </failure>
  </testcase> <!-- testThreadSafeClass -->
  <testcase name="testThreadSafeClass" time="0.604" classname="org.commons.jconfig.internal.ConfigManagerCacheTest">
    <failure type="java.lang.OutOfMemoryError" message="unable to create new native thread">
      <![CDATA[java.lang.OutOfMemoryError: unable to create new native thread
	at java.lang.Thread.start0(Native Method)
	at java.lang.Thread.start(Thread.java:658)
	at org.commons.jconfig.internal.ConfigManagerCacheTest.testThreadSafeClass(ConfigManagerCacheTest.java:170)
	at java.lang.reflect.Method.invoke(Method.java:597)
	at java.util.concurrent.FutureTask$Sync.innerRun(FutureTask.java:303)
	at java.util.concurrent.FutureTask.run(FutureTask.java:138)
	at java.util.concurrent.ThreadPoolExecutor$Worker.runTask(ThreadPoolExecutor.java:886)
	at java.util.concurrent.ThreadPoolExecutor$Worker.run(ThreadPoolExecutor.java:908)
	at java.lang.Thread.run(Thread.java:680)
]]>
    </failure>
  </testcase> <!-- testThreadSafeClass -->
  <testcase name="testThreadSafeClass" time="0.602" classname="org.commons.jconfig.internal.ConfigManagerCacheTest">
    <failure type="java.lang.OutOfMemoryError" message="unable to create new native thread">
      <![CDATA[java.lang.OutOfMemoryError: unable to create new native thread
	at java.lang.Thread.start0(Native Method)
	at java.lang.Thread.start(Thread.java:658)
	at org.commons.jconfig.internal.ConfigManagerCacheTest.testThreadSafeClass(ConfigManagerCacheTest.java:162)
	at java.lang.reflect.Method.invoke(Method.java:597)
	at java.util.concurrent.FutureTask$Sync.innerRun(FutureTask.java:303)
	at java.util.concurrent.FutureTask.run(FutureTask.java:138)
	at java.util.concurrent.ThreadPoolExecutor$Worker.runTask(ThreadPoolExecutor.java:886)
	at java.util.concurrent.ThreadPoolExecutor$Worker.run(ThreadPoolExecutor.java:908)
	at java.lang.Thread.run(Thread.java:680)
]]>
    </failure>
  </testcase> <!-- testThreadSafeClass -->
  <testcase name="testThreadSafeClass" time="0.612" classname="org.commons.jconfig.internal.ConfigManagerCacheTest">
    <failure type="java.lang.OutOfMemoryError" message="unable to create new native thread">
      <![CDATA[java.lang.OutOfMemoryError: unable to create new native thread
	at java.lang.Thread.start0(Native Method)
	at java.lang.Thread.start(Thread.java:658)
	at org.commons.jconfig.internal.ConfigManagerCacheTest.testThreadSafeClass(ConfigManagerCacheTest.java:162)
	at java.lang.reflect.Method.invoke(Method.java:597)
	at java.util.concurrent.FutureTask$Sync.innerRun(FutureTask.java:303)
	at java.util.concurrent.FutureTask.run(FutureTask.java:138)
	at java.util.concurrent.ThreadPoolExecutor$Worker.runTask(ThreadPoolExecutor.java:886)
	at java.util.concurrent.ThreadPoolExecutor$Worker.run(ThreadPoolExecutor.java:908)
	at java.lang.Thread.run(Thread.java:680)
]]>
    </failure>
  </testcase> <!-- testThreadSafeClass -->
  <testcase name="testThreadSafeClass" time="0.564" classname="org.commons.jconfig.internal.ConfigManagerCacheTest">
    <failure type="java.lang.OutOfMemoryError" message="unable to create new native thread">
      <![CDATA[java.lang.OutOfMemoryError: unable to create new native thread
	at java.lang.Thread.start0(Native Method)
	at java.lang.Thread.start(Thread.java:658)
	at org.commons.jconfig.internal.ConfigManagerCacheTest.testThreadSafeClass(ConfigManagerCacheTest.java:162)
	at java.lang.reflect.Method.invoke(Method.java:597)
	at java.util.concurrent.FutureTask$Sync.innerRun(FutureTask.java:303)
	at java.util.concurrent.FutureTask.run(FutureTask.java:138)
	at java.util.concurrent.ThreadPoolExecutor$Worker.runTask(ThreadPoolExecutor.java:886)
	at java.util.concurrent.ThreadPoolExecutor$Worker.run(ThreadPoolExecutor.java:908)
	at java.lang.Thread.run(Thread.java:680)
]]>
    </failure>
  </testcase> <!-- testThreadSafeClass -->
  <testcase name="testThreadSafeClass" time="0.563" classname="org.commons.jconfig.internal.ConfigManagerCacheTest">
    <failure type="java.lang.OutOfMemoryError" message="unable to create new native thread">
      <![CDATA[java.lang.OutOfMemoryError: unable to create new native thread
	at java.lang.Thread.start0(Native Method)
	at java.lang.Thread.start(Thread.java:658)
	at org.commons.jconfig.internal.ConfigManagerCacheTest.testThreadSafeClass(ConfigManagerCacheTest.java:162)
	at java.lang.reflect.Method.invoke(Method.java:597)
	at java.util.concurrent.FutureTask$Sync.innerRun(FutureTask.java:303)
	at java.util.concurrent.FutureTask.run(FutureTask.java:138)
	at java.util.concurrent.ThreadPoolExecutor$Worker.runTask(ThreadPoolExecutor.java:886)
	at java.util.concurrent.ThreadPoolExecutor$Worker.run(ThreadPoolExecutor.java:908)
	at java.lang.Thread.run(Thread.java:680)
]]>
    </failure>
  </testcase> <!-- testThreadSafeClass -->
  <testcase name="testThreadSafeClass" time="0.601" classname="org.commons.jconfig.internal.ConfigManagerCacheTest">
    <failure type="java.lang.OutOfMemoryError" message="unable to create new native thread">
      <![CDATA[java.lang.OutOfMemoryError: unable to create new native thread
	at java.lang.Thread.start0(Native Method)
	at java.lang.Thread.start(Thread.java:658)
	at org.commons.jconfig.internal.ConfigManagerCacheTest.testThreadSafeClass(ConfigManagerCacheTest.java:162)
	at java.lang.reflect.Method.invoke(Method.java:597)
	at java.util.concurrent.FutureTask$Sync.innerRun(FutureTask.java:303)
	at java.util.concurrent.FutureTask.run(FutureTask.java:138)
	at java.util.concurrent.ThreadPoolExecutor$Worker.runTask(ThreadPoolExecutor.java:886)
	at java.util.concurrent.ThreadPoolExecutor$Worker.run(ThreadPoolExecutor.java:908)
	at java.lang.Thread.run(Thread.java:680)
]]>
    </failure>
  </testcase> <!-- testThreadSafeClass -->
  <testcase name="testThreadSafeClass" time="0.567" classname="org.commons.jconfig.internal.ConfigManagerCacheTest">
    <failure type="java.lang.OutOfMemoryError" message="unable to create new native thread">
      <![CDATA[java.lang.OutOfMemoryError: unable to create new native thread
	at java.lang.Thread.start0(Native Method)
	at java.lang.Thread.start(Thread.java:658)
	at org.commons.jconfig.internal.ConfigManagerCacheTest.testThreadSafeClass(ConfigManagerCacheTest.java:162)
	at java.lang.reflect.Method.invoke(Method.java:597)
	at java.util.concurrent.FutureTask$Sync.innerRun(FutureTask.java:303)
	at java.util.concurrent.FutureTask.run(FutureTask.java:138)
	at java.util.concurrent.ThreadPoolExecutor$Worker.runTask(ThreadPoolExecutor.java:886)
	at java.util.concurrent.ThreadPoolExecutor$Worker.run(ThreadPoolExecutor.java:908)
	at java.lang.Thread.run(Thread.java:680)
]]>
    </failure>
  </testcase> <!-- testThreadSafeClass -->
  <testcase name="testThreadSafeClass" time="0.614" classname="org.commons.jconfig.internal.ConfigManagerCacheTest">
    <failure type="java.lang.OutOfMemoryError" message="unable to create new native thread">
      <![CDATA[java.lang.OutOfMemoryError: unable to create new native thread
	at java.lang.Thread.start0(Native Method)
	at java.lang.Thread.start(Thread.java:658)
	at org.commons.jconfig.internal.ConfigManagerCacheTest.testThreadSafeClass(ConfigManagerCacheTest.java:162)
	at java.lang.reflect.Method.invoke(Method.java:597)
	at java.util.concurrent.FutureTask$Sync.innerRun(FutureTask.java:303)
	at java.util.concurrent.FutureTask.run(FutureTask.java:138)
	at java.util.concurrent.ThreadPoolExecutor$Worker.runTask(ThreadPoolExecutor.java:886)
	at java.util.concurrent.ThreadPoolExecutor$Worker.run(ThreadPoolExecutor.java:908)
	at java.lang.Thread.run(Thread.java:680)
]]>
    </failure>
  </testcase> <!-- testThreadSafeClass -->
  <testcase name="testThreadSafeClass" time="0.567" classname="org.commons.jconfig.internal.ConfigManagerCacheTest">
    <failure type="java.lang.OutOfMemoryError" message="unable to create new native thread">
      <![CDATA[java.lang.OutOfMemoryError: unable to create new native thread
	at java.lang.Thread.start0(Native Method)
	at java.lang.Thread.start(Thread.java:658)
	at org.commons.jconfig.internal.ConfigManagerCacheTest.testThreadSafeClass(ConfigManagerCacheTest.java:162)
	at java.lang.reflect.Method.invoke(Method.java:597)
	at java.util.concurrent.FutureTask$Sync.innerRun(FutureTask.java:303)
	at java.util.concurrent.FutureTask.run(FutureTask.java:138)
	at java.util.concurrent.ThreadPoolExecutor$Worker.runTask(ThreadPoolExecutor.java:886)
	at java.util.concurrent.ThreadPoolExecutor$Worker.run(ThreadPoolExecutor.java:908)
	at java.lang.Thread.run(Thread.java:680)
]]>
    </failure>
  </testcase> <!-- testThreadSafeClass -->
  <testcase name="testThreadSafeClass" time="0.561" classname="org.commons.jconfig.internal.ConfigManagerCacheTest">
    <failure type="java.lang.OutOfMemoryError" message="unable to create new native thread">
      <![CDATA[java.lang.OutOfMemoryError: unable to create new native thread
	at java.lang.Thread.start0(Native Method)
	at java.lang.Thread.start(Thread.java:658)
	at org.commons.jconfig.internal.ConfigManagerCacheTest.testThreadSafeClass(ConfigManagerCacheTest.java:162)
	at java.lang.reflect.Method.invoke(Method.java:597)
	at java.util.concurrent.FutureTask$Sync.innerRun(FutureTask.java:303)
	at java.util.concurrent.FutureTask.run(FutureTask.java:138)
	at java.util.concurrent.ThreadPoolExecutor$Worker.runTask(ThreadPoolExecutor.java:886)
	at java.util.concurrent.ThreadPoolExecutor$Worker.run(ThreadPoolExecutor.java:908)
	at java.lang.Thread.run(Thread.java:680)
]]>
    </failure>
  </testcase> <!-- testThreadSafeClass -->
  <testcase name="testThreadSafeClass" time="0.562" classname="org.commons.jconfig.internal.ConfigManagerCacheTest">
    <failure type="java.lang.OutOfMemoryError" message="unable to create new native thread">
      <![CDATA[java.lang.OutOfMemoryError: unable to create new native thread
	at java.lang.Thread.start0(Native Method)
	at java.lang.Thread.start(Thread.java:658)
	at org.commons.jconfig.internal.ConfigManagerCacheTest.testThreadSafeClass(ConfigManagerCacheTest.java:162)
	at java.lang.reflect.Method.invoke(Method.java:597)
	at java.util.concurrent.FutureTask$Sync.innerRun(FutureTask.java:303)
	at java.util.concurrent.FutureTask.run(FutureTask.java:138)
	at java.util.concurrent.ThreadPoolExecutor$Worker.runTask(ThreadPoolExecutor.java:886)
	at java.util.concurrent.ThreadPoolExecutor$Worker.run(ThreadPoolExecutor.java:908)
	at java.lang.Thread.run(Thread.java:680)
]]>
    </failure>
  </testcase> <!-- testThreadSafeClass -->
  <testcase name="testThreadSafeClass" time="0.605" classname="org.commons.jconfig.internal.ConfigManagerCacheTest">
    <failure type="java.lang.OutOfMemoryError" message="unable to create new native thread">
      <![CDATA[java.lang.OutOfMemoryError: unable to create new native thread
	at java.lang.Thread.start0(Native Method)
	at java.lang.Thread.start(Thread.java:658)
	at org.commons.jconfig.internal.ConfigManagerCacheTest.testThreadSafeClass(ConfigManagerCacheTest.java:162)
	at java.lang.reflect.Method.invoke(Method.java:597)
	at java.util.concurrent.FutureTask$Sync.innerRun(FutureTask.java:303)
	at java.util.concurrent.FutureTask.run(FutureTask.java:138)
	at java.util.concurrent.ThreadPoolExecutor$Worker.runTask(ThreadPoolExecutor.java:886)
	at java.util.concurrent.ThreadPoolExecutor$Worker.run(ThreadPoolExecutor.java:908)
	at java.lang.Thread.run(Thread.java:680)
]]>
    </failure>
  </testcase> <!-- testThreadSafeClass -->
  <testcase name="testThreadSafeClass" time="0.568" classname="org.commons.jconfig.internal.ConfigManagerCacheTest">
    <failure type="java.lang.OutOfMemoryError" message="unable to create new native thread">
      <![CDATA[java.lang.OutOfMemoryError: unable to create new native thread
	at java.lang.Thread.start0(Native Method)
	at java.lang.Thread.start(Thread.java:658)
	at org.commons.jconfig.internal.ConfigManagerCacheTest.testThreadSafeClass(ConfigManagerCacheTest.java:162)
	at java.lang.reflect.Method.invoke(Method.java:597)
	at java.util.concurrent.FutureTask$Sync.innerRun(FutureTask.java:303)
	at java.util.concurrent.FutureTask.run(FutureTask.java:138)
	at java.util.concurrent.ThreadPoolExecutor$Worker.runTask(ThreadPoolExecutor.java:886)
	at java.util.concurrent.ThreadPoolExecutor$Worker.run(ThreadPoolExecutor.java:908)
	at java.lang.Thread.run(Thread.java:680)
]]>
    </failure>
  </testcase> <!-- testThreadSafeClass -->
  <testcase name="testThreadSafeClass" time="0.569" classname="org.commons.jconfig.internal.ConfigManagerCacheTest">
    <failure type="java.lang.OutOfMemoryError" message="unable to create new native thread">
      <![CDATA[java.lang.OutOfMemoryError: unable to create new native thread
	at java.lang.Thread.start0(Native Method)
	at java.lang.Thread.start(Thread.java:658)
	at org.commons.jconfig.internal.ConfigManagerCacheTest.testThreadSafeClass(ConfigManagerCacheTest.java:162)
	at java.lang.reflect.Method.invoke(Method.java:597)
	at java.util.concurrent.FutureTask$Sync.innerRun(FutureTask.java:303)
	at java.util.concurrent.FutureTask.run(FutureTask.java:138)
	at java.util.concurrent.ThreadPoolExecutor$Worker.runTask(ThreadPoolExecutor.java:886)
	at java.util.concurrent.ThreadPoolExecutor$Worker.run(ThreadPoolExecutor.java:908)
	at java.lang.Thread.run(Thread.java:680)
]]>
    </failure>
  </testcase> <!-- testThreadSafeClass -->
  <testcase name="testThreadSafeClass" time="0.569" classname="org.commons.jconfig.internal.ConfigManagerCacheTest">
    <failure type="java.lang.OutOfMemoryError" message="unable to create new native thread">
      <![CDATA[java.lang.OutOfMemoryError: unable to create new native thread
	at java.lang.Thread.start0(Native Method)
	at java.lang.Thread.start(Thread.java:658)
	at org.commons.jconfig.internal.ConfigManagerCacheTest.testThreadSafeClass(ConfigManagerCacheTest.java:162)
	at java.lang.reflect.Method.invoke(Method.java:597)
	at java.util.concurrent.FutureTask$Sync.innerRun(FutureTask.java:303)
	at java.util.concurrent.FutureTask.run(FutureTask.java:138)
	at java.util.concurrent.ThreadPoolExecutor$Worker.runTask(ThreadPoolExecutor.java:886)
	at java.util.concurrent.ThreadPoolExecutor$Worker.run(ThreadPoolExecutor.java:908)
	at java.lang.Thread.run(Thread.java:680)
]]>
    </failure>
  </testcase> <!-- testThreadSafeClass -->
  <testcase name="testThreadSafeClass" time="0.605" classname="org.commons.jconfig.internal.ConfigManagerCacheTest">
    <failure type="java.lang.OutOfMemoryError" message="unable to create new native thread">
      <![CDATA[java.lang.OutOfMemoryError: unable to create new native thread
	at java.lang.Thread.start0(Native Method)
	at java.lang.Thread.start(Thread.java:658)
	at org.commons.jconfig.internal.ConfigManagerCacheTest.testThreadSafeClass(ConfigManagerCacheTest.java:162)
	at java.lang.reflect.Method.invoke(Method.java:597)
	at java.util.concurrent.FutureTask$Sync.innerRun(FutureTask.java:303)
	at java.util.concurrent.FutureTask.run(FutureTask.java:138)
	at java.util.concurrent.ThreadPoolExecutor$Worker.runTask(ThreadPoolExecutor.java:886)
	at java.util.concurrent.ThreadPoolExecutor$Worker.run(ThreadPoolExecutor.java:908)
	at java.lang.Thread.run(Thread.java:680)
]]>
    </failure>
  </testcase> <!-- testThreadSafeClass -->
  <testcase name="testThreadSafeClass" time="0.571" classname="org.commons.jconfig.internal.ConfigManagerCacheTest">
    <failure type="java.lang.OutOfMemoryError" message="unable to create new native thread">
      <![CDATA[java.lang.OutOfMemoryError: unable to create new native thread
	at java.lang.Thread.start0(Native Method)
	at java.lang.Thread.start(Thread.java:658)
	at org.commons.jconfig.internal.ConfigManagerCacheTest.testThreadSafeClass(ConfigManagerCacheTest.java:162)
	at java.lang.reflect.Method.invoke(Method.java:597)
	at java.util.concurrent.FutureTask$Sync.innerRun(FutureTask.java:303)
	at java.util.concurrent.FutureTask.run(FutureTask.java:138)
	at java.util.concurrent.ThreadPoolExecutor$Worker.runTask(ThreadPoolExecutor.java:886)
	at java.util.concurrent.ThreadPoolExecutor$Worker.run(ThreadPoolExecutor.java:908)
	at java.lang.Thread.run(Thread.java:680)
]]>
    </failure>
  </testcase> <!-- testThreadSafeClass -->
  <testcase name="testThreadSafeClass" time="0.607" classname="org.commons.jconfig.internal.ConfigManagerCacheTest">
    <failure type="java.lang.OutOfMemoryError" message="unable to create new native thread">
      <![CDATA[java.lang.OutOfMemoryError: unable to create new native thread
	at java.lang.Thread.start0(Native Method)
	at java.lang.Thread.start(Thread.java:658)
	at org.commons.jconfig.internal.ConfigManagerCacheTest.testThreadSafeClass(ConfigManagerCacheTest.java:162)
	at java.lang.reflect.Method.invoke(Method.java:597)
	at java.util.concurrent.FutureTask$Sync.innerRun(FutureTask.java:303)
	at java.util.concurrent.FutureTask.run(FutureTask.java:138)
	at java.util.concurrent.ThreadPoolExecutor$Worker.runTask(ThreadPoolExecutor.java:886)
	at java.util.concurrent.ThreadPoolExecutor$Worker.run(ThreadPoolExecutor.java:908)
	at java.lang.Thread.run(Thread.java:680)
]]>
    </failure>
  </testcase> <!-- testThreadSafeClass -->
  <testcase name="testThreadSafeClass" time="0.563" classname="org.commons.jconfig.internal.ConfigManagerCacheTest">
    <failure type="java.lang.OutOfMemoryError" message="unable to create new native thread">
      <![CDATA[java.lang.OutOfMemoryError: unable to create new native thread
	at java.lang.Thread.start0(Native Method)
	at java.lang.Thread.start(Thread.java:658)
	at org.commons.jconfig.internal.ConfigManagerCacheTest.testThreadSafeClass(ConfigManagerCacheTest.java:162)
	at java.lang.reflect.Method.invoke(Method.java:597)
	at java.util.concurrent.FutureTask$Sync.innerRun(FutureTask.java:303)
	at java.util.concurrent.FutureTask.run(FutureTask.java:138)
	at java.util.concurrent.ThreadPoolExecutor$Worker.runTask(ThreadPoolExecutor.java:886)
	at java.util.concurrent.ThreadPoolExecutor$Worker.run(ThreadPoolExecutor.java:908)
	at java.lang.Thread.run(Thread.java:680)
]]>
    </failure>
  </testcase> <!-- testThreadSafeClass -->
  <testcase name="testThreadSafeClass" time="0.616" classname="org.commons.jconfig.internal.ConfigManagerCacheTest">
    <failure type="java.lang.OutOfMemoryError" message="unable to create new native thread">
      <![CDATA[java.lang.OutOfMemoryError: unable to create new native thread
	at java.lang.Thread.start0(Native Method)
	at java.lang.Thread.start(Thread.java:658)
	at org.commons.jconfig.internal.ConfigManagerCacheTest.testThreadSafeClass(ConfigManagerCacheTest.java:170)
	at java.lang.reflect.Method.invoke(Method.java:597)
	at java.util.concurrent.FutureTask$Sync.innerRun(FutureTask.java:303)
	at java.util.concurrent.FutureTask.run(FutureTask.java:138)
	at java.util.concurrent.ThreadPoolExecutor$Worker.runTask(ThreadPoolExecutor.java:886)
	at java.util.concurrent.ThreadPoolExecutor$Worker.run(ThreadPoolExecutor.java:908)
	at java.lang.Thread.run(Thread.java:680)
]]>
    </failure>
  </testcase> <!-- testThreadSafeClass -->
  <testcase name="testThreadSafeClass" time="0.572" classname="org.commons.jconfig.internal.ConfigManagerCacheTest">
    <failure type="java.lang.OutOfMemoryError" message="unable to create new native thread">
      <![CDATA[java.lang.OutOfMemoryError: unable to create new native thread
	at java.lang.Thread.start0(Native Method)
	at java.lang.Thread.start(Thread.java:658)
	at org.commons.jconfig.internal.ConfigManagerCacheTest.testThreadSafeClass(ConfigManagerCacheTest.java:162)
	at java.lang.reflect.Method.invoke(Method.java:597)
	at java.util.concurrent.FutureTask$Sync.innerRun(FutureTask.java:303)
	at java.util.concurrent.FutureTask.run(FutureTask.java:138)
	at java.util.concurrent.ThreadPoolExecutor$Worker.runTask(ThreadPoolExecutor.java:886)
	at java.util.concurrent.ThreadPoolExecutor$Worker.run(ThreadPoolExecutor.java:908)
	at java.lang.Thread.run(Thread.java:680)
]]>
    </failure>
  </testcase> <!-- testThreadSafeClass -->
  <testcase name="testThreadSafeClass" time="0.605" classname="org.commons.jconfig.internal.ConfigManagerCacheTest">
    <failure type="java.lang.OutOfMemoryError" message="unable to create new native thread">
      <![CDATA[java.lang.OutOfMemoryError: unable to create new native thread
	at java.lang.Thread.start0(Native Method)
	at java.lang.Thread.start(Thread.java:658)
	at org.commons.jconfig.internal.ConfigManagerCacheTest.testThreadSafeClass(ConfigManagerCacheTest.java:162)
	at java.lang.reflect.Method.invoke(Method.java:597)
	at java.util.concurrent.FutureTask$Sync.innerRun(FutureTask.java:303)
	at java.util.concurrent.FutureTask.run(FutureTask.java:138)
	at java.util.concurrent.ThreadPoolExecutor$Worker.runTask(ThreadPoolExecutor.java:886)
	at java.util.concurrent.ThreadPoolExecutor$Worker.run(ThreadPoolExecutor.java:908)
	at java.lang.Thread.run(Thread.java:680)
]]>
    </failure>
  </testcase> <!-- testThreadSafeClass -->
  <testcase name="testThreadSafeClass" time="0.564" classname="org.commons.jconfig.internal.ConfigManagerCacheTest">
    <failure type="java.lang.OutOfMemoryError" message="unable to create new native thread">
      <![CDATA[java.lang.OutOfMemoryError: unable to create new native thread
	at java.lang.Thread.start0(Native Method)
	at java.lang.Thread.start(Thread.java:658)
	at org.commons.jconfig.internal.ConfigManagerCacheTest.testThreadSafeClass(ConfigManagerCacheTest.java:162)
	at java.lang.reflect.Method.invoke(Method.java:597)
	at java.util.concurrent.FutureTask$Sync.innerRun(FutureTask.java:303)
	at java.util.concurrent.FutureTask.run(FutureTask.java:138)
	at java.util.concurrent.ThreadPoolExecutor$Worker.runTask(ThreadPoolExecutor.java:886)
	at java.util.concurrent.ThreadPoolExecutor$Worker.run(ThreadPoolExecutor.java:908)
	at java.lang.Thread.run(Thread.java:680)
]]>
    </failure>
  </testcase> <!-- testThreadSafeClass -->
  <testcase name="testThreadSafeClass" time="0.61" classname="org.commons.jconfig.internal.ConfigManagerCacheTest">
    <failure type="java.lang.OutOfMemoryError" message="unable to create new native thread">
      <![CDATA[java.lang.OutOfMemoryError: unable to create new native thread
	at java.lang.Thread.start0(Native Method)
	at java.lang.Thread.start(Thread.java:658)
	at org.commons.jconfig.internal.ConfigManagerCacheTest.testThreadSafeClass(ConfigManagerCacheTest.java:162)
	at java.lang.reflect.Method.invoke(Method.java:597)
	at java.util.concurrent.FutureTask$Sync.innerRun(FutureTask.java:303)
	at java.util.concurrent.FutureTask.run(FutureTask.java:138)
	at java.util.concurrent.ThreadPoolExecutor$Worker.runTask(ThreadPoolExecutor.java:886)
	at java.util.concurrent.ThreadPoolExecutor$Worker.run(ThreadPoolExecutor.java:908)
	at java.lang.Thread.run(Thread.java:680)
]]>
    </failure>
  </testcase> <!-- testThreadSafeClass -->
  <testcase name="testThreadSafeClass" time="0.603" classname="org.commons.jconfig.internal.ConfigManagerCacheTest">
    <failure type="java.lang.OutOfMemoryError" message="unable to create new native thread">
      <![CDATA[java.lang.OutOfMemoryError: unable to create new native thread
	at java.lang.Thread.start0(Native Method)
	at java.lang.Thread.start(Thread.java:658)
	at org.commons.jconfig.internal.ConfigManagerCacheTest.testThreadSafeClass(ConfigManagerCacheTest.java:162)
	at java.lang.reflect.Method.invoke(Method.java:597)
	at java.util.concurrent.FutureTask$Sync.innerRun(FutureTask.java:303)
	at java.util.concurrent.FutureTask.run(FutureTask.java:138)
	at java.util.concurrent.ThreadPoolExecutor$Worker.runTask(ThreadPoolExecutor.java:886)
	at java.util.concurrent.ThreadPoolExecutor$Worker.run(ThreadPoolExecutor.java:908)
	at java.lang.Thread.run(Thread.java:680)
]]>
    </failure>
  </testcase> <!-- testThreadSafeClass -->
  <testcase name="testThreadSafeClass" time="0.609" classname="org.commons.jconfig.internal.ConfigManagerCacheTest">
    <failure type="java.lang.OutOfMemoryError" message="unable to create new native thread">
      <![CDATA[java.lang.OutOfMemoryError: unable to create new native thread
	at java.lang.Thread.start0(Native Method)
	at java.lang.Thread.start(Thread.java:658)
	at org.commons.jconfig.internal.ConfigManagerCacheTest.testThreadSafeClass(ConfigManagerCacheTest.java:162)
	at java.lang.reflect.Method.invoke(Method.java:597)
	at java.util.concurrent.FutureTask$Sync.innerRun(FutureTask.java:303)
	at java.util.concurrent.FutureTask.run(FutureTask.java:138)
	at java.util.concurrent.ThreadPoolExecutor$Worker.runTask(ThreadPoolExecutor.java:886)
	at java.util.concurrent.ThreadPoolExecutor$Worker.run(ThreadPoolExecutor.java:908)
	at java.lang.Thread.run(Thread.java:680)
]]>
    </failure>
  </testcase> <!-- testThreadSafeClass -->
  <testcase name="testThreadSafeClass" time="0.572" classname="org.commons.jconfig.internal.ConfigManagerCacheTest">
    <failure type="java.lang.OutOfMemoryError" message="unable to create new native thread">
      <![CDATA[java.lang.OutOfMemoryError: unable to create new native thread
	at java.lang.Thread.start0(Native Method)
	at java.lang.Thread.start(Thread.java:658)
	at org.commons.jconfig.internal.ConfigManagerCacheTest.testThreadSafeClass(ConfigManagerCacheTest.java:162)
	at java.lang.reflect.Method.invoke(Method.java:597)
	at java.util.concurrent.FutureTask$Sync.innerRun(FutureTask.java:303)
	at java.util.concurrent.FutureTask.run(FutureTask.java:138)
	at java.util.concurrent.ThreadPoolExecutor$Worker.runTask(ThreadPoolExecutor.java:886)
	at java.util.concurrent.ThreadPoolExecutor$Worker.run(ThreadPoolExecutor.java:908)
	at java.lang.Thread.run(Thread.java:680)
]]>
    </failure>
  </testcase> <!-- testThreadSafeClass -->
  <testcase name="testThreadSafeClass" time="0.572" classname="org.commons.jconfig.internal.ConfigManagerCacheTest">
    <failure type="java.lang.OutOfMemoryError" message="unable to create new native thread">
      <![CDATA[java.lang.OutOfMemoryError: unable to create new native thread
	at java.lang.Thread.start0(Native Method)
	at java.lang.Thread.start(Thread.java:658)
	at org.commons.jconfig.internal.ConfigManagerCacheTest.testThreadSafeClass(ConfigManagerCacheTest.java:162)
	at java.lang.reflect.Method.invoke(Method.java:597)
	at java.util.concurrent.FutureTask$Sync.innerRun(FutureTask.java:303)
	at java.util.concurrent.FutureTask.run(FutureTask.java:138)
	at java.util.concurrent.ThreadPoolExecutor$Worker.runTask(ThreadPoolExecutor.java:886)
	at java.util.concurrent.ThreadPoolExecutor$Worker.run(ThreadPoolExecutor.java:908)
	at java.lang.Thread.run(Thread.java:680)
]]>
    </failure>
  </testcase> <!-- testThreadSafeClass -->
  <testcase name="testThreadSafeClass" time="0.574" classname="org.commons.jconfig.internal.ConfigManagerCacheTest">
    <failure type="java.lang.OutOfMemoryError" message="unable to create new native thread">
      <![CDATA[java.lang.OutOfMemoryError: unable to create new native thread
	at java.lang.Thread.start0(Native Method)
	at java.lang.Thread.start(Thread.java:658)
	at org.commons.jconfig.internal.ConfigManagerCacheTest.testThreadSafeClass(ConfigManagerCacheTest.java:162)
	at java.lang.reflect.Method.invoke(Method.java:597)
	at java.util.concurrent.FutureTask$Sync.innerRun(FutureTask.java:303)
	at java.util.concurrent.FutureTask.run(FutureTask.java:138)
	at java.util.concurrent.ThreadPoolExecutor$Worker.runTask(ThreadPoolExecutor.java:886)
	at java.util.concurrent.ThreadPoolExecutor$Worker.run(ThreadPoolExecutor.java:908)
	at java.lang.Thread.run(Thread.java:680)
]]>
    </failure>
  </testcase> <!-- testThreadSafeClass -->
  <testcase name="testThreadSafeClass" time="0.611" classname="org.commons.jconfig.internal.ConfigManagerCacheTest">
    <failure type="java.lang.OutOfMemoryError" message="unable to create new native thread">
      <![CDATA[java.lang.OutOfMemoryError: unable to create new native thread
	at java.lang.Thread.start0(Native Method)
	at java.lang.Thread.start(Thread.java:658)
	at org.commons.jconfig.internal.ConfigManagerCacheTest.testThreadSafeClass(ConfigManagerCacheTest.java:162)
	at java.lang.reflect.Method.invoke(Method.java:597)
	at java.util.concurrent.FutureTask$Sync.innerRun(FutureTask.java:303)
	at java.util.concurrent.FutureTask.run(FutureTask.java:138)
	at java.util.concurrent.ThreadPoolExecutor$Worker.runTask(ThreadPoolExecutor.java:886)
	at java.util.concurrent.ThreadPoolExecutor$Worker.run(ThreadPoolExecutor.java:908)
	at java.lang.Thread.run(Thread.java:680)
]]>
    </failure>
  </testcase> <!-- testThreadSafeClass -->
  <testcase name="testThreadSafeClass" time="0.603" classname="org.commons.jconfig.internal.ConfigManagerCacheTest">
    <failure type="java.lang.OutOfMemoryError" message="unable to create new native thread">
      <![CDATA[java.lang.OutOfMemoryError: unable to create new native thread
	at java.lang.Thread.start0(Native Method)
	at java.lang.Thread.start(Thread.java:658)
	at org.commons.jconfig.internal.ConfigManagerCacheTest.testThreadSafeClass(ConfigManagerCacheTest.java:162)
	at java.lang.reflect.Method.invoke(Method.java:597)
	at java.util.concurrent.FutureTask$Sync.innerRun(FutureTask.java:303)
	at java.util.concurrent.FutureTask.run(FutureTask.java:138)
	at java.util.concurrent.ThreadPoolExecutor$Worker.runTask(ThreadPoolExecutor.java:886)
	at java.util.concurrent.ThreadPoolExecutor$Worker.run(ThreadPoolExecutor.java:908)
	at java.lang.Thread.run(Thread.java:680)
]]>
    </failure>
  </testcase> <!-- testThreadSafeClass -->
  <testcase name="testThreadSafeClass" time="0.565" classname="org.commons.jconfig.internal.ConfigManagerCacheTest">
    <failure type="java.lang.OutOfMemoryError" message="unable to create new native thread">
      <![CDATA[java.lang.OutOfMemoryError: unable to create new native thread
	at java.lang.Thread.start0(Native Method)
	at java.lang.Thread.start(Thread.java:658)
	at org.commons.jconfig.internal.ConfigManagerCacheTest.testThreadSafeClass(ConfigManagerCacheTest.java:162)
	at java.lang.reflect.Method.invoke(Method.java:597)
	at java.util.concurrent.FutureTask$Sync.innerRun(FutureTask.java:303)
	at java.util.concurrent.FutureTask.run(FutureTask.java:138)
	at java.util.concurrent.ThreadPoolExecutor$Worker.runTask(ThreadPoolExecutor.java:886)
	at java.util.concurrent.ThreadPoolExecutor$Worker.run(ThreadPoolExecutor.java:908)
	at java.lang.Thread.run(Thread.java:680)
]]>
    </failure>
  </testcase> <!-- testThreadSafeClass -->
  <testcase name="testThreadSafeClass" time="0.603" classname="org.commons.jconfig.internal.ConfigManagerCacheTest">
    <failure type="java.lang.OutOfMemoryError" message="unable to create new native thread">
      <![CDATA[java.lang.OutOfMemoryError: unable to create new native thread
	at java.lang.Thread.start0(Native Method)
	at java.lang.Thread.start(Thread.java:658)
	at org.commons.jconfig.internal.ConfigManagerCacheTest.testThreadSafeClass(ConfigManagerCacheTest.java:162)
	at java.lang.reflect.Method.invoke(Method.java:597)
	at java.util.concurrent.FutureTask$Sync.innerRun(FutureTask.java:303)
	at java.util.concurrent.FutureTask.run(FutureTask.java:138)
	at java.util.concurrent.ThreadPoolExecutor$Worker.runTask(ThreadPoolExecutor.java:886)
	at java.util.concurrent.ThreadPoolExecutor$Worker.run(ThreadPoolExecutor.java:908)
	at java.lang.Thread.run(Thread.java:680)
]]>
    </failure>
  </testcase> <!-- testThreadSafeClass -->
  <testcase name="testThreadSafeClass" time="0.574" classname="org.commons.jconfig.internal.ConfigManagerCacheTest">
    <failure type="java.lang.OutOfMemoryError" message="unable to create new native thread">
      <![CDATA[java.lang.OutOfMemoryError: unable to create new native thread
	at java.lang.Thread.start0(Native Method)
	at java.lang.Thread.start(Thread.java:658)
	at org.commons.jconfig.internal.ConfigManagerCacheTest.testThreadSafeClass(ConfigManagerCacheTest.java:162)
	at java.lang.reflect.Method.invoke(Method.java:597)
	at java.util.concurrent.FutureTask$Sync.innerRun(FutureTask.java:303)
	at java.util.concurrent.FutureTask.run(FutureTask.java:138)
	at java.util.concurrent.ThreadPoolExecutor$Worker.runTask(ThreadPoolExecutor.java:886)
	at java.util.concurrent.ThreadPoolExecutor$Worker.run(ThreadPoolExecutor.java:908)
	at java.lang.Thread.run(Thread.java:680)
]]>
    </failure>
  </testcase> <!-- testThreadSafeClass -->
  <testcase name="testThreadSafeClass" time="0.612" classname="org.commons.jconfig.internal.ConfigManagerCacheTest">
    <failure type="java.lang.OutOfMemoryError" message="unable to create new native thread">
      <![CDATA[java.lang.OutOfMemoryError: unable to create new native thread
	at java.lang.Thread.start0(Native Method)
	at java.lang.Thread.start(Thread.java:658)
	at org.commons.jconfig.internal.ConfigManagerCacheTest.testThreadSafeClass(ConfigManagerCacheTest.java:162)
	at java.lang.reflect.Method.invoke(Method.java:597)
	at java.util.concurrent.FutureTask$Sync.innerRun(FutureTask.java:303)
	at java.util.concurrent.FutureTask.run(FutureTask.java:138)
	at java.util.concurrent.ThreadPoolExecutor$Worker.runTask(ThreadPoolExecutor.java:886)
	at java.util.concurrent.ThreadPoolExecutor$Worker.run(ThreadPoolExecutor.java:908)
	at java.lang.Thread.run(Thread.java:680)
]]>
    </failure>
  </testcase> <!-- testThreadSafeClass -->
  <testcase name="testThreadSafeClass" time="0.574" classname="org.commons.jconfig.internal.ConfigManagerCacheTest">
    <failure type="java.lang.OutOfMemoryError" message="unable to create new native thread">
      <![CDATA[java.lang.OutOfMemoryError: unable to create new native thread
	at java.lang.Thread.start0(Native Method)
	at java.lang.Thread.start(Thread.java:658)
	at org.commons.jconfig.internal.ConfigManagerCacheTest.testThreadSafeClass(ConfigManagerCacheTest.java:162)
	at java.lang.reflect.Method.invoke(Method.java:597)
	at java.util.concurrent.FutureTask$Sync.innerRun(FutureTask.java:303)
	at java.util.concurrent.FutureTask.run(FutureTask.java:138)
	at java.util.concurrent.ThreadPoolExecutor$Worker.runTask(ThreadPoolExecutor.java:886)
	at java.util.concurrent.ThreadPoolExecutor$Worker.run(ThreadPoolExecutor.java:908)
	at java.lang.Thread.run(Thread.java:680)
]]>
    </failure>
  </testcase> <!-- testThreadSafeClass -->
  <testcase name="testThreadSafeClass" time="0.566" classname="org.commons.jconfig.internal.ConfigManagerCacheTest">
    <failure type="java.lang.OutOfMemoryError" message="unable to create new native thread">
      <![CDATA[java.lang.OutOfMemoryError: unable to create new native thread
	at java.lang.Thread.start0(Native Method)
	at java.lang.Thread.start(Thread.java:658)
	at org.commons.jconfig.internal.ConfigManagerCacheTest.testThreadSafeClass(ConfigManagerCacheTest.java:162)
	at java.lang.reflect.Method.invoke(Method.java:597)
	at java.util.concurrent.FutureTask$Sync.innerRun(FutureTask.java:303)
	at java.util.concurrent.FutureTask.run(FutureTask.java:138)
	at java.util.concurrent.ThreadPoolExecutor$Worker.runTask(ThreadPoolExecutor.java:886)
	at java.util.concurrent.ThreadPoolExecutor$Worker.run(ThreadPoolExecutor.java:908)
	at java.lang.Thread.run(Thread.java:680)
]]>
    </failure>
  </testcase> <!-- testThreadSafeClass -->
  <testcase name="testThreadSafeClass" time="0.566" classname="org.commons.jconfig.internal.ConfigManagerCacheTest">
    <failure type="java.lang.OutOfMemoryError" message="unable to create new native thread">
      <![CDATA[java.lang.OutOfMemoryError: unable to create new native thread
	at java.lang.Thread.start0(Native Method)
	at java.lang.Thread.start(Thread.java:658)
	at org.commons.jconfig.internal.ConfigManagerCacheTest.testThreadSafeClass(ConfigManagerCacheTest.java:162)
	at java.lang.reflect.Method.invoke(Method.java:597)
	at java.util.concurrent.FutureTask$Sync.innerRun(FutureTask.java:303)
	at java.util.concurrent.FutureTask.run(FutureTask.java:138)
	at java.util.concurrent.ThreadPoolExecutor$Worker.runTask(ThreadPoolExecutor.java:886)
	at java.util.concurrent.ThreadPoolExecutor$Worker.run(ThreadPoolExecutor.java:908)
	at java.lang.Thread.run(Thread.java:680)
]]>
    </failure>
  </testcase> <!-- testThreadSafeClass -->
  <testcase name="testThreadSafeClass" time="0.575" classname="org.commons.jconfig.internal.ConfigManagerCacheTest">
    <failure type="java.lang.OutOfMemoryError" message="unable to create new native thread">
      <![CDATA[java.lang.OutOfMemoryError: unable to create new native thread
	at java.lang.Thread.start0(Native Method)
	at java.lang.Thread.start(Thread.java:658)
	at org.commons.jconfig.internal.ConfigManagerCacheTest.testThreadSafeClass(ConfigManagerCacheTest.java:162)
	at java.lang.reflect.Method.invoke(Method.java:597)
	at java.util.concurrent.FutureTask$Sync.innerRun(FutureTask.java:303)
	at java.util.concurrent.FutureTask.run(FutureTask.java:138)
	at java.util.concurrent.ThreadPoolExecutor$Worker.runTask(ThreadPoolExecutor.java:886)
	at java.util.concurrent.ThreadPoolExecutor$Worker.run(ThreadPoolExecutor.java:908)
	at java.lang.Thread.run(Thread.java:680)
]]>
    </failure>
  </testcase> <!-- testThreadSafeClass -->
  <testcase name="testThreadSafeClass" time="0.603" classname="org.commons.jconfig.internal.ConfigManagerCacheTest">
    <failure type="java.lang.OutOfMemoryError" message="unable to create new native thread">
      <![CDATA[java.lang.OutOfMemoryError: unable to create new native thread
	at java.lang.Thread.start0(Native Method)
	at java.lang.Thread.start(Thread.java:658)
	at org.commons.jconfig.internal.ConfigManagerCacheTest.testThreadSafeClass(ConfigManagerCacheTest.java:162)
	at java.lang.reflect.Method.invoke(Method.java:597)
	at java.util.concurrent.FutureTask$Sync.innerRun(FutureTask.java:303)
	at java.util.concurrent.FutureTask.run(FutureTask.java:138)
	at java.util.concurrent.ThreadPoolExecutor$Worker.runTask(ThreadPoolExecutor.java:886)
	at java.util.concurrent.ThreadPoolExecutor$Worker.run(ThreadPoolExecutor.java:908)
	at java.lang.Thread.run(Thread.java:680)
]]>
    </failure>
  </testcase> <!-- testThreadSafeClass -->
  <testcase name="testThreadSafeClass" time="0.576" classname="org.commons.jconfig.internal.ConfigManagerCacheTest">
    <failure type="java.lang.OutOfMemoryError" message="unable to create new native thread">
      <![CDATA[java.lang.OutOfMemoryError: unable to create new native thread
	at java.lang.Thread.start0(Native Method)
	at java.lang.Thread.start(Thread.java:658)
	at org.commons.jconfig.internal.ConfigManagerCacheTest.testThreadSafeClass(ConfigManagerCacheTest.java:162)
	at java.lang.reflect.Method.invoke(Method.java:597)
	at java.util.concurrent.FutureTask$Sync.innerRun(FutureTask.java:303)
	at java.util.concurrent.FutureTask.run(FutureTask.java:138)
	at java.util.concurrent.ThreadPoolExecutor$Worker.runTask(ThreadPoolExecutor.java:886)
	at java.util.concurrent.ThreadPoolExecutor$Worker.run(ThreadPoolExecutor.java:908)
	at java.lang.Thread.run(Thread.java:680)
]]>
    </failure>
  </testcase> <!-- testThreadSafeClass -->
  <testcase name="testThreadSafeClass" time="0.576" classname="org.commons.jconfig.internal.ConfigManagerCacheTest">
    <failure type="java.lang.OutOfMemoryError" message="unable to create new native thread">
      <![CDATA[java.lang.OutOfMemoryError: unable to create new native thread
	at java.lang.Thread.start0(Native Method)
	at java.lang.Thread.start(Thread.java:658)
	at org.commons.jconfig.internal.ConfigManagerCacheTest.testThreadSafeClass(ConfigManagerCacheTest.java:162)
	at java.lang.reflect.Method.invoke(Method.java:597)
	at java.util.concurrent.FutureTask$Sync.innerRun(FutureTask.java:303)
	at java.util.concurrent.FutureTask.run(FutureTask.java:138)
	at java.util.concurrent.ThreadPoolExecutor$Worker.runTask(ThreadPoolExecutor.java:886)
	at java.util.concurrent.ThreadPoolExecutor$Worker.run(ThreadPoolExecutor.java:908)
	at java.lang.Thread.run(Thread.java:680)
]]>
    </failure>
  </testcase> <!-- testThreadSafeClass -->
  <testcase name="testThreadSafeClass" time="0.566" classname="org.commons.jconfig.internal.ConfigManagerCacheTest">
    <failure type="java.lang.OutOfMemoryError" message="unable to create new native thread">
      <![CDATA[java.lang.OutOfMemoryError: unable to create new native thread
	at java.lang.Thread.start0(Native Method)
	at java.lang.Thread.start(Thread.java:658)
	at org.commons.jconfig.internal.ConfigManagerCacheTest.testThreadSafeClass(ConfigManagerCacheTest.java:162)
	at java.lang.reflect.Method.invoke(Method.java:597)
	at java.util.concurrent.FutureTask$Sync.innerRun(FutureTask.java:303)
	at java.util.concurrent.FutureTask.run(FutureTask.java:138)
	at java.util.concurrent.ThreadPoolExecutor$Worker.runTask(ThreadPoolExecutor.java:886)
	at java.util.concurrent.ThreadPoolExecutor$Worker.run(ThreadPoolExecutor.java:908)
	at java.lang.Thread.run(Thread.java:680)
]]>
    </failure>
  </testcase> <!-- testThreadSafeClass -->
  <testcase name="testThreadSafeClass" time="0.603" classname="org.commons.jconfig.internal.ConfigManagerCacheTest">
    <failure type="java.lang.OutOfMemoryError" message="unable to create new native thread">
      <![CDATA[java.lang.OutOfMemoryError: unable to create new native thread
	at java.lang.Thread.start0(Native Method)
	at java.lang.Thread.start(Thread.java:658)
	at org.commons.jconfig.internal.ConfigManagerCacheTest.testThreadSafeClass(ConfigManagerCacheTest.java:170)
	at java.lang.reflect.Method.invoke(Method.java:597)
	at java.util.concurrent.FutureTask$Sync.innerRun(FutureTask.java:303)
	at java.util.concurrent.FutureTask.run(FutureTask.java:138)
	at java.util.concurrent.ThreadPoolExecutor$Worker.runTask(ThreadPoolExecutor.java:886)
	at java.util.concurrent.ThreadPoolExecutor$Worker.run(ThreadPoolExecutor.java:908)
	at java.lang.Thread.run(Thread.java:680)
]]>
    </failure>
  </testcase> <!-- testThreadSafeClass -->
  <testcase name="testThreadSafeClass" time="0.577" classname="org.commons.jconfig.internal.ConfigManagerCacheTest">
    <failure type="java.lang.OutOfMemoryError" message="unable to create new native thread">
      <![CDATA[java.lang.OutOfMemoryError: unable to create new native thread
	at java.lang.Thread.start0(Native Method)
	at java.lang.Thread.start(Thread.java:658)
	at org.commons.jconfig.internal.ConfigManagerCacheTest.testThreadSafeClass(ConfigManagerCacheTest.java:162)
	at java.lang.reflect.Method.invoke(Method.java:597)
	at java.util.concurrent.FutureTask$Sync.innerRun(FutureTask.java:303)
	at java.util.concurrent.FutureTask.run(FutureTask.java:138)
	at java.util.concurrent.ThreadPoolExecutor$Worker.runTask(ThreadPoolExecutor.java:886)
	at java.util.concurrent.ThreadPoolExecutor$Worker.run(ThreadPoolExecutor.java:908)
	at java.lang.Thread.run(Thread.java:680)
]]>
    </failure>
  </testcase> <!-- testThreadSafeClass -->
  <testcase name="testThreadSafeClass" time="0.603" classname="org.commons.jconfig.internal.ConfigManagerCacheTest">
    <failure type="java.lang.OutOfMemoryError" message="unable to create new native thread">
      <![CDATA[java.lang.OutOfMemoryError: unable to create new native thread
	at java.lang.Thread.start0(Native Method)
	at java.lang.Thread.start(Thread.java:658)
	at org.commons.jconfig.internal.ConfigManagerCacheTest.testThreadSafeClass(ConfigManagerCacheTest.java:162)
	at java.lang.reflect.Method.invoke(Method.java:597)
	at java.util.concurrent.FutureTask$Sync.innerRun(FutureTask.java:303)
	at java.util.concurrent.FutureTask.run(FutureTask.java:138)
	at java.util.concurrent.ThreadPoolExecutor$Worker.runTask(ThreadPoolExecutor.java:886)
	at java.util.concurrent.ThreadPoolExecutor$Worker.run(ThreadPoolExecutor.java:908)
	at java.lang.Thread.run(Thread.java:680)
]]>
    </failure>
  </testcase> <!-- testThreadSafeClass -->
  <testcase name="testThreadSafeClass" time="0.602" classname="org.commons.jconfig.internal.ConfigManagerCacheTest">
    <failure type="java.lang.OutOfMemoryError" message="unable to create new native thread">
      <![CDATA[java.lang.OutOfMemoryError: unable to create new native thread
	at java.lang.Thread.start0(Native Method)
	at java.lang.Thread.start(Thread.java:658)
	at org.commons.jconfig.internal.ConfigManagerCacheTest.testThreadSafeClass(ConfigManagerCacheTest.java:162)
	at java.lang.reflect.Method.invoke(Method.java:597)
	at java.util.concurrent.FutureTask$Sync.innerRun(FutureTask.java:303)
	at java.util.concurrent.FutureTask.run(FutureTask.java:138)
	at java.util.concurrent.ThreadPoolExecutor$Worker.runTask(ThreadPoolExecutor.java:886)
	at java.util.concurrent.ThreadPoolExecutor$Worker.run(ThreadPoolExecutor.java:908)
	at java.lang.Thread.run(Thread.java:680)
]]>
    </failure>
  </testcase> <!-- testThreadSafeClass -->
  <testcase name="testThreadSafeClass" time="0.577" classname="org.commons.jconfig.internal.ConfigManagerCacheTest">
    <failure type="java.lang.OutOfMemoryError" message="unable to create new native thread">
      <![CDATA[java.lang.OutOfMemoryError: unable to create new native thread
	at java.lang.Thread.start0(Native Method)
	at java.lang.Thread.start(Thread.java:658)
	at org.commons.jconfig.internal.ConfigManagerCacheTest.testThreadSafeClass(ConfigManagerCacheTest.java:162)
	at java.lang.reflect.Method.invoke(Method.java:597)
	at java.util.concurrent.FutureTask$Sync.innerRun(FutureTask.java:303)
	at java.util.concurrent.FutureTask.run(FutureTask.java:138)
	at java.util.concurrent.ThreadPoolExecutor$Worker.runTask(ThreadPoolExecutor.java:886)
	at java.util.concurrent.ThreadPoolExecutor$Worker.run(ThreadPoolExecutor.java:908)
	at java.lang.Thread.run(Thread.java:680)
]]>
    </failure>
  </testcase> <!-- testThreadSafeClass -->
  <testcase name="testThreadSafeClass" time="0.601" classname="org.commons.jconfig.internal.ConfigManagerCacheTest">
    <failure type="java.lang.OutOfMemoryError" message="unable to create new native thread">
      <![CDATA[java.lang.OutOfMemoryError: unable to create new native thread
	at java.lang.Thread.start0(Native Method)
	at java.lang.Thread.start(Thread.java:658)
	at org.commons.jconfig.internal.ConfigManagerCacheTest.testThreadSafeClass(ConfigManagerCacheTest.java:162)
	at java.lang.reflect.Method.invoke(Method.java:597)
	at java.util.concurrent.FutureTask$Sync.innerRun(FutureTask.java:303)
	at java.util.concurrent.FutureTask.run(FutureTask.java:138)
	at java.util.concurrent.ThreadPoolExecutor$Worker.runTask(ThreadPoolExecutor.java:886)
	at java.util.concurrent.ThreadPoolExecutor$Worker.run(ThreadPoolExecutor.java:908)
	at java.lang.Thread.run(Thread.java:680)
]]>
    </failure>
  </testcase> <!-- testThreadSafeClass -->
  <testcase name="testThreadSafeClass" time="0.614" classname="org.commons.jconfig.internal.ConfigManagerCacheTest">
    <failure type="java.lang.OutOfMemoryError" message="unable to create new native thread">
      <![CDATA[java.lang.OutOfMemoryError: unable to create new native thread
	at java.lang.Thread.start0(Native Method)
	at java.lang.Thread.start(Thread.java:658)
	at org.commons.jconfig.internal.ConfigManagerCacheTest.testThreadSafeClass(ConfigManagerCacheTest.java:162)
	at java.lang.reflect.Method.invoke(Method.java:597)
	at java.util.concurrent.FutureTask$Sync.innerRun(FutureTask.java:303)
	at java.util.concurrent.FutureTask.run(FutureTask.java:138)
	at java.util.concurrent.ThreadPoolExecutor$Worker.runTask(ThreadPoolExecutor.java:886)
	at java.util.concurrent.ThreadPoolExecutor$Worker.run(ThreadPoolExecutor.java:908)
	at java.lang.Thread.run(Thread.java:680)
]]>
    </failure>
  </testcase> <!-- testThreadSafeClass -->
  <testcase name="testThreadSafeClass" time="0.579" classname="org.commons.jconfig.internal.ConfigManagerCacheTest">
    <failure type="java.lang.OutOfMemoryError" message="unable to create new native thread">
      <![CDATA[java.lang.OutOfMemoryError: unable to create new native thread
	at java.lang.Thread.start0(Native Method)
	at java.lang.Thread.start(Thread.java:658)
	at org.commons.jconfig.internal.ConfigManagerCacheTest.testThreadSafeClass(ConfigManagerCacheTest.java:162)
	at java.lang.reflect.Method.invoke(Method.java:597)
	at java.util.concurrent.FutureTask$Sync.innerRun(FutureTask.java:303)
	at java.util.concurrent.FutureTask.run(FutureTask.java:138)
	at java.util.concurrent.ThreadPoolExecutor$Worker.runTask(ThreadPoolExecutor.java:886)
	at java.util.concurrent.ThreadPoolExecutor$Worker.run(ThreadPoolExecutor.java:908)
	at java.lang.Thread.run(Thread.java:680)
]]>
    </failure>
  </testcase> <!-- testThreadSafeClass -->
  <testcase name="testThreadSafeClass" time="0.579" classname="org.commons.jconfig.internal.ConfigManagerCacheTest">
    <failure type="java.lang.OutOfMemoryError" message="unable to create new native thread">
      <![CDATA[java.lang.OutOfMemoryError: unable to create new native thread
	at java.lang.Thread.start0(Native Method)
	at java.lang.Thread.start(Thread.java:658)
	at org.commons.jconfig.internal.ConfigManagerCacheTest.testThreadSafeClass(ConfigManagerCacheTest.java:162)
	at java.lang.reflect.Method.invoke(Method.java:597)
	at java.util.concurrent.FutureTask$Sync.innerRun(FutureTask.java:303)
	at java.util.concurrent.FutureTask.run(FutureTask.java:138)
	at java.util.concurrent.ThreadPoolExecutor$Worker.runTask(ThreadPoolExecutor.java:886)
	at java.util.concurrent.ThreadPoolExecutor$Worker.run(ThreadPoolExecutor.java:908)
	at java.lang.Thread.run(Thread.java:680)
]]>
    </failure>
  </testcase> <!-- testThreadSafeClass -->
  <testcase name="testThreadSafeClass" time="0.58" classname="org.commons.jconfig.internal.ConfigManagerCacheTest">
    <failure type="java.lang.OutOfMemoryError" message="unable to create new native thread">
      <![CDATA[java.lang.OutOfMemoryError: unable to create new native thread
	at java.lang.Thread.start0(Native Method)
	at java.lang.Thread.start(Thread.java:658)
	at org.commons.jconfig.internal.ConfigManagerCacheTest.testThreadSafeClass(ConfigManagerCacheTest.java:162)
	at java.lang.reflect.Method.invoke(Method.java:597)
	at java.util.concurrent.FutureTask$Sync.innerRun(FutureTask.java:303)
	at java.util.concurrent.FutureTask.run(FutureTask.java:138)
	at java.util.concurrent.ThreadPoolExecutor$Worker.runTask(ThreadPoolExecutor.java:886)
	at java.util.concurrent.ThreadPoolExecutor$Worker.run(ThreadPoolExecutor.java:908)
	at java.lang.Thread.run(Thread.java:680)
]]>
    </failure>
  </testcase> <!-- testThreadSafeClass -->
  <testcase name="testThreadSafeClass" time="0.579" classname="org.commons.jconfig.internal.ConfigManagerCacheTest">
    <failure type="java.lang.OutOfMemoryError" message="unable to create new native thread">
      <![CDATA[java.lang.OutOfMemoryError: unable to create new native thread
	at java.lang.Thread.start0(Native Method)
	at java.lang.Thread.start(Thread.java:658)
	at org.commons.jconfig.internal.ConfigManagerCacheTest.testThreadSafeClass(ConfigManagerCacheTest.java:162)
	at java.lang.reflect.Method.invoke(Method.java:597)
	at java.util.concurrent.FutureTask$Sync.innerRun(FutureTask.java:303)
	at java.util.concurrent.FutureTask.run(FutureTask.java:138)
	at java.util.concurrent.ThreadPoolExecutor$Worker.runTask(ThreadPoolExecutor.java:886)
	at java.util.concurrent.ThreadPoolExecutor$Worker.run(ThreadPoolExecutor.java:908)
	at java.lang.Thread.run(Thread.java:680)
]]>
    </failure>
  </testcase> <!-- testThreadSafeClass -->
  <testcase name="testThreadSafeClass" time="0.605" classname="org.commons.jconfig.internal.ConfigManagerCacheTest">
    <failure type="java.lang.OutOfMemoryError" message="unable to create new native thread">
      <![CDATA[java.lang.OutOfMemoryError: unable to create new native thread
	at java.lang.Thread.start0(Native Method)
	at java.lang.Thread.start(Thread.java:658)
	at org.commons.jconfig.internal.ConfigManagerCacheTest.testThreadSafeClass(ConfigManagerCacheTest.java:162)
	at java.lang.reflect.Method.invoke(Method.java:597)
	at java.util.concurrent.FutureTask$Sync.innerRun(FutureTask.java:303)
	at java.util.concurrent.FutureTask.run(FutureTask.java:138)
	at java.util.concurrent.ThreadPoolExecutor$Worker.runTask(ThreadPoolExecutor.java:886)
	at java.util.concurrent.ThreadPoolExecutor$Worker.run(ThreadPoolExecutor.java:908)
	at java.lang.Thread.run(Thread.java:680)
]]>
    </failure>
  </testcase> <!-- testThreadSafeClass -->
  <testcase name="testThreadSafeClass" time="0.62" classname="org.commons.jconfig.internal.ConfigManagerCacheTest">
    <failure type="java.lang.OutOfMemoryError" message="unable to create new native thread">
      <![CDATA[java.lang.OutOfMemoryError: unable to create new native thread
	at java.lang.Thread.start0(Native Method)
	at java.lang.Thread.start(Thread.java:658)
	at org.commons.jconfig.internal.ConfigManagerCacheTest.testThreadSafeClass(ConfigManagerCacheTest.java:162)
	at java.lang.reflect.Method.invoke(Method.java:597)
	at java.util.concurrent.FutureTask$Sync.innerRun(FutureTask.java:303)
	at java.util.concurrent.FutureTask.run(FutureTask.java:138)
	at java.util.concurrent.ThreadPoolExecutor$Worker.runTask(ThreadPoolExecutor.java:886)
	at java.util.concurrent.ThreadPoolExecutor$Worker.run(ThreadPoolExecutor.java:908)
	at java.lang.Thread.run(Thread.java:680)
]]>
    </failure>
  </testcase> <!-- testThreadSafeClass -->
  <testcase name="testThreadSafeClass" time="0.571" classname="org.commons.jconfig.internal.ConfigManagerCacheTest">
    <failure type="java.lang.OutOfMemoryError" message="unable to create new native thread">
      <![CDATA[java.lang.OutOfMemoryError: unable to create new native thread
	at java.lang.Thread.start0(Native Method)
	at java.lang.Thread.start(Thread.java:658)
	at org.commons.jconfig.internal.ConfigManagerCacheTest.testThreadSafeClass(ConfigManagerCacheTest.java:162)
	at java.lang.reflect.Method.invoke(Method.java:597)
	at java.util.concurrent.FutureTask$Sync.innerRun(FutureTask.java:303)
	at java.util.concurrent.FutureTask.run(FutureTask.java:138)
	at java.util.concurrent.ThreadPoolExecutor$Worker.runTask(ThreadPoolExecutor.java:886)
	at java.util.concurrent.ThreadPoolExecutor$Worker.run(ThreadPoolExecutor.java:908)
	at java.lang.Thread.run(Thread.java:680)
]]>
    </failure>
  </testcase> <!-- testThreadSafeClass -->
  <testcase name="testThreadSafeClass" time="0.584" classname="org.commons.jconfig.internal.ConfigManagerCacheTest">
    <failure type="java.lang.OutOfMemoryError" message="unable to create new native thread">
      <![CDATA[java.lang.OutOfMemoryError: unable to create new native thread
	at java.lang.Thread.start0(Native Method)
	at java.lang.Thread.start(Thread.java:658)
	at org.commons.jconfig.internal.ConfigManagerCacheTest.testThreadSafeClass(ConfigManagerCacheTest.java:162)
	at java.lang.reflect.Method.invoke(Method.java:597)
	at java.util.concurrent.FutureTask$Sync.innerRun(FutureTask.java:303)
	at java.util.concurrent.FutureTask.run(FutureTask.java:138)
	at java.util.concurrent.ThreadPoolExecutor$Worker.runTask(ThreadPoolExecutor.java:886)
	at java.util.concurrent.ThreadPoolExecutor$Worker.run(ThreadPoolExecutor.java:908)
	at java.lang.Thread.run(Thread.java:680)
]]>
    </failure>
  </testcase> <!-- testThreadSafeClass -->
  <testcase name="testThreadSafeClass" time="0.626" classname="org.commons.jconfig.internal.ConfigManagerCacheTest">
    <failure type="java.lang.OutOfMemoryError" message="unable to create new native thread">
      <![CDATA[java.lang.OutOfMemoryError: unable to create new native thread
	at java.lang.Thread.start0(Native Method)
	at java.lang.Thread.start(Thread.java:658)
	at org.commons.jconfig.internal.ConfigManagerCacheTest.testThreadSafeClass(ConfigManagerCacheTest.java:170)
	at java.lang.reflect.Method.invoke(Method.java:597)
	at java.util.concurrent.FutureTask$Sync.innerRun(FutureTask.java:303)
	at java.util.concurrent.FutureTask.run(FutureTask.java:138)
	at java.util.concurrent.ThreadPoolExecutor$Worker.runTask(ThreadPoolExecutor.java:886)
	at java.util.concurrent.ThreadPoolExecutor$Worker.run(ThreadPoolExecutor.java:908)
	at java.lang.Thread.run(Thread.java:680)
]]>
    </failure>
  </testcase> <!-- testThreadSafeClass -->
  <testcase name="testThreadSafeClass" time="0.629" classname="org.commons.jconfig.internal.ConfigManagerCacheTest">
    <failure type="java.lang.OutOfMemoryError" message="unable to create new native thread">
      <![CDATA[java.lang.OutOfMemoryError: unable to create new native thread
	at java.lang.Thread.start0(Native Method)
	at java.lang.Thread.start(Thread.java:658)
	at org.commons.jconfig.internal.ConfigManagerCacheTest.testThreadSafeClass(ConfigManagerCacheTest.java:170)
	at java.lang.reflect.Method.invoke(Method.java:597)
	at java.util.concurrent.FutureTask$Sync.innerRun(FutureTask.java:303)
	at java.util.concurrent.FutureTask.run(FutureTask.java:138)
	at java.util.concurrent.ThreadPoolExecutor$Worker.runTask(ThreadPoolExecutor.java:886)
	at java.util.concurrent.ThreadPoolExecutor$Worker.run(ThreadPoolExecutor.java:908)
	at java.lang.Thread.run(Thread.java:680)
]]>
    </failure>
  </testcase> <!-- testThreadSafeClass -->
  <testcase name="testThreadSafeClass" time="0.589" classname="org.commons.jconfig.internal.ConfigManagerCacheTest">
    <failure type="java.lang.OutOfMemoryError" message="unable to create new native thread">
      <![CDATA[java.lang.OutOfMemoryError: unable to create new native thread
	at java.lang.Thread.start0(Native Method)
	at java.lang.Thread.start(Thread.java:658)
	at org.commons.jconfig.internal.ConfigManagerCacheTest.testThreadSafeClass(ConfigManagerCacheTest.java:162)
	at java.lang.reflect.Method.invoke(Method.java:597)
	at java.util.concurrent.FutureTask$Sync.innerRun(FutureTask.java:303)
	at java.util.concurrent.FutureTask.run(FutureTask.java:138)
	at java.util.concurrent.ThreadPoolExecutor$Worker.runTask(ThreadPoolExecutor.java:886)
	at java.util.concurrent.ThreadPoolExecutor$Worker.run(ThreadPoolExecutor.java:908)
	at java.lang.Thread.run(Thread.java:680)
]]>
    </failure>
  </testcase> <!-- testThreadSafeClass -->
  <testcase name="testThreadSafeClass" time="0.602" classname="org.commons.jconfig.internal.ConfigManagerCacheTest">
    <failure type="java.lang.OutOfMemoryError" message="unable to create new native thread">
      <![CDATA[java.lang.OutOfMemoryError: unable to create new native thread
	at java.lang.Thread.start0(Native Method)
	at java.lang.Thread.start(Thread.java:658)
	at org.commons.jconfig.internal.ConfigManagerCacheTest.testThreadSafeClass(ConfigManagerCacheTest.java:162)
	at java.lang.reflect.Method.invoke(Method.java:597)
	at java.util.concurrent.FutureTask$Sync.innerRun(FutureTask.java:303)
	at java.util.concurrent.FutureTask.run(FutureTask.java:138)
	at java.util.concurrent.ThreadPoolExecutor$Worker.runTask(ThreadPoolExecutor.java:886)
	at java.util.concurrent.ThreadPoolExecutor$Worker.run(ThreadPoolExecutor.java:908)
	at java.lang.Thread.run(Thread.java:680)
]]>
    </failure>
  </testcase> <!-- testThreadSafeClass -->
  <testcase name="testThreadSafeClass" time="0.647" classname="org.commons.jconfig.internal.ConfigManagerCacheTest">
    <failure type="java.lang.OutOfMemoryError" message="unable to create new native thread">
      <![CDATA[java.lang.OutOfMemoryError: unable to create new native thread
	at java.lang.Thread.start0(Native Method)
	at java.lang.Thread.start(Thread.java:658)
	at org.commons.jconfig.internal.ConfigManagerCacheTest.testThreadSafeClass(ConfigManagerCacheTest.java:162)
	at sun.reflect.NativeMethodAccessorImpl.invoke0(Native Method)
	at java.lang.reflect.Method.invoke(Method.java:597)
	at java.util.concurrent.FutureTask$Sync.innerRun(FutureTask.java:303)
	at java.util.concurrent.FutureTask.run(FutureTask.java:138)
	at java.util.concurrent.ThreadPoolExecutor$Worker.runTask(ThreadPoolExecutor.java:886)
	at java.util.concurrent.ThreadPoolExecutor$Worker.run(ThreadPoolExecutor.java:908)
	at java.lang.Thread.run(Thread.java:680)
]]>
    </failure>
  </testcase> <!-- testThreadSafeClass -->
  <testcase name="testThreadSafeClass" time="0.603" classname="org.commons.jconfig.internal.ConfigManagerCacheTest">
    <failure type="java.lang.OutOfMemoryError" message="unable to create new native thread">
      <![CDATA[java.lang.OutOfMemoryError: unable to create new native thread
	at java.lang.Thread.start0(Native Method)
	at java.lang.Thread.start(Thread.java:658)
	at org.commons.jconfig.internal.ConfigManagerCacheTest.testThreadSafeClass(ConfigManagerCacheTest.java:162)
	at java.lang.reflect.Method.invoke(Method.java:597)
	at java.util.concurrent.FutureTask$Sync.innerRun(FutureTask.java:303)
	at java.util.concurrent.FutureTask.run(FutureTask.java:138)
	at java.util.concurrent.ThreadPoolExecutor$Worker.runTask(ThreadPoolExecutor.java:886)
	at java.util.concurrent.ThreadPoolExecutor$Worker.run(ThreadPoolExecutor.java:908)
	at java.lang.Thread.run(Thread.java:680)
]]>
    </failure>
  </testcase> <!-- testThreadSafeClass -->
  <testcase name="testThreadSafeClass" time="0.643" classname="org.commons.jconfig.internal.ConfigManagerCacheTest">
    <failure type="java.lang.OutOfMemoryError" message="unable to create new native thread">
      <![CDATA[java.lang.OutOfMemoryError: unable to create new native thread
	at java.lang.Thread.start0(Native Method)
	at java.lang.Thread.start(Thread.java:658)
	at org.commons.jconfig.internal.ConfigManagerCacheTest.testThreadSafeClass(ConfigManagerCacheTest.java:162)
	at sun.reflect.NativeMethodAccessorImpl.invoke0(Native Method)
	at java.lang.reflect.Method.invoke(Method.java:597)
	at java.util.concurrent.FutureTask$Sync.innerRun(FutureTask.java:303)
	at java.util.concurrent.FutureTask.run(FutureTask.java:138)
	at java.util.concurrent.ThreadPoolExecutor$Worker.runTask(ThreadPoolExecutor.java:886)
	at java.util.concurrent.ThreadPoolExecutor$Worker.run(ThreadPoolExecutor.java:908)
	at java.lang.Thread.run(Thread.java:680)
]]>
    </failure>
  </testcase> <!-- testThreadSafeClass -->
  <testcase name="testThreadSafeClass" time="0.589" classname="org.commons.jconfig.internal.ConfigManagerCacheTest">
    <failure type="java.lang.OutOfMemoryError" message="unable to create new native thread">
      <![CDATA[java.lang.OutOfMemoryError: unable to create new native thread
	at java.lang.Thread.start0(Native Method)
	at java.lang.Thread.start(Thread.java:658)
	at org.commons.jconfig.internal.ConfigManagerCacheTest.testThreadSafeClass(ConfigManagerCacheTest.java:162)
	at java.lang.reflect.Method.invoke(Method.java:597)
	at java.util.concurrent.FutureTask$Sync.innerRun(FutureTask.java:303)
	at java.util.concurrent.FutureTask.run(FutureTask.java:138)
	at java.util.concurrent.ThreadPoolExecutor$Worker.runTask(ThreadPoolExecutor.java:886)
	at java.util.concurrent.ThreadPoolExecutor$Worker.run(ThreadPoolExecutor.java:908)
	at java.lang.Thread.run(Thread.java:680)
]]>
    </failure>
  </testcase> <!-- testThreadSafeClass -->
  <testcase name="testThreadSafeClass" time="0.622" classname="org.commons.jconfig.internal.ConfigManagerCacheTest">
    <failure type="java.lang.OutOfMemoryError" message="unable to create new native thread">
      <![CDATA[java.lang.OutOfMemoryError: unable to create new native thread
	at java.lang.Thread.start0(Native Method)
	at java.lang.Thread.start(Thread.java:658)
	at org.commons.jconfig.internal.ConfigManagerCacheTest.testThreadSafeClass(ConfigManagerCacheTest.java:162)
	at java.lang.reflect.Method.invoke(Method.java:597)
	at java.util.concurrent.FutureTask$Sync.innerRun(FutureTask.java:303)
	at java.util.concurrent.FutureTask.run(FutureTask.java:138)
	at java.util.concurrent.ThreadPoolExecutor$Worker.runTask(ThreadPoolExecutor.java:886)
	at java.util.concurrent.ThreadPoolExecutor$Worker.run(ThreadPoolExecutor.java:908)
	at java.lang.Thread.run(Thread.java:680)
]]>
    </failure>
  </testcase> <!-- testThreadSafeClass -->
  <testcase name="testThreadSafeClass" time="0.603" classname="org.commons.jconfig.internal.ConfigManagerCacheTest">
    <failure type="java.lang.OutOfMemoryError" message="unable to create new native thread">
      <![CDATA[java.lang.OutOfMemoryError: unable to create new native thread
	at java.lang.Thread.start0(Native Method)
	at java.lang.Thread.start(Thread.java:658)
	at org.commons.jconfig.internal.ConfigManagerCacheTest.testThreadSafeClass(ConfigManagerCacheTest.java:162)
	at java.lang.reflect.Method.invoke(Method.java:597)
	at java.util.concurrent.FutureTask$Sync.innerRun(FutureTask.java:303)
	at java.util.concurrent.FutureTask.run(FutureTask.java:138)
	at java.util.concurrent.ThreadPoolExecutor$Worker.runTask(ThreadPoolExecutor.java:886)
	at java.util.concurrent.ThreadPoolExecutor$Worker.run(ThreadPoolExecutor.java:908)
	at java.lang.Thread.run(Thread.java:680)
]]>
    </failure>
  </testcase> <!-- testThreadSafeClass -->
  <testcase name="testThreadSafeClass" time="0.622" classname="org.commons.jconfig.internal.ConfigManagerCacheTest">
    <failure type="java.lang.OutOfMemoryError" message="unable to create new native thread">
      <![CDATA[java.lang.OutOfMemoryError: unable to create new native thread
	at java.lang.Thread.start0(Native Method)
	at java.lang.Thread.start(Thread.java:658)
	at org.commons.jconfig.internal.ConfigManagerCacheTest.testThreadSafeClass(ConfigManagerCacheTest.java:162)
	at java.lang.reflect.Method.invoke(Method.java:597)
	at java.util.concurrent.FutureTask$Sync.innerRun(FutureTask.java:303)
	at java.util.concurrent.FutureTask.run(FutureTask.java:138)
	at java.util.concurrent.ThreadPoolExecutor$Worker.runTask(ThreadPoolExecutor.java:886)
	at java.util.concurrent.ThreadPoolExecutor$Worker.run(ThreadPoolExecutor.java:908)
	at java.lang.Thread.run(Thread.java:680)
]]>
    </failure>
  </testcase> <!-- testThreadSafeClass -->
[...]
	at java.lang.Thread.run(Thread.java:680)
]]>
    </failure>
  </testcase> <!-- testThreadSafeClass -->
  <testcase name="testThreadSafeClass" time="0.232" classname="org.commons.jconfig.internal.ConfigManagerCacheTest"/>
  <testcase name="testThreadSafeClass" time="0.232" classname="org.commons.jconfig.internal.ConfigManagerCacheTest"/>
  <testcase name="testThreadSafeClass" time="0.266" classname="org.commons.jconfig.internal.ConfigManagerCacheTest"/>
  <testcase name="testThreadSafeClass" time="0.029" classname="org.commons.jconfig.internal.ConfigManagerCacheTest">
    <failure type="java.lang.OutOfMemoryError" message="unable to create new native thread">
      <![CDATA[java.lang.OutOfMemoryError: unable to create new native thread
	at java.lang.Thread.start0(Native Method)
	at java.lang.Thread.start(Thread.java:658)
	at org.commons.jconfig.internal.ConfigManagerCacheTest.testThreadSafeClass(ConfigManagerCacheTest.java:162)
	at java.lang.reflect.Method.invoke(Method.java:597)
	at java.util.concurrent.FutureTask$Sync.innerRun(FutureTask.java:303)
	at java.util.concurrent.FutureTask.run(FutureTask.java:138)
	at java.util.concurrent.ThreadPoolExecutor$Worker.runTask(ThreadPoolExecutor.java:886)
	at java.util.concurrent.ThreadPoolExecutor$Worker.run(ThreadPoolExecutor.java:908)
	at java.lang.Thread.run(Thread.java:680)
]]>
    </failure>
  </testcase> <!-- testThreadSafeClass -->
  <testcase name="testThreadSafeClass" time="0.186" classname="org.commons.jconfig.internal.ConfigManagerCacheTest"/>
  <testcase name="testThreadSafeClass" time="0.296" classname="org.commons.jconfig.internal.ConfigManagerCacheTest">
    <failure type="java.lang.InterruptedException">
      <![CDATA[java.lang.InterruptedException
	at java.util.concurrent.locks.AbstractQueuedSynchronizer.doAcquireSharedInterruptibly(AbstractQueuedSynchronizer.java:979)
	at java.util.concurrent.locks.AbstractQueuedSynchronizer.acquireSharedInterruptibly(AbstractQueuedSynchronizer.java:1281)
	at java.util.concurrent.CountDownLatch.await(CountDownLatch.java:207)
	at org.commons.jconfig.internal.ConfigManagerCacheTest.testThreadSafeClass(ConfigManagerCacheTest.java:177)
	at java.lang.reflect.Method.invoke(Method.java:597)
	at java.util.concurrent.FutureTask$Sync.innerRun(FutureTask.java:303)
	at java.util.concurrent.FutureTask.run(FutureTask.java:138)
	at java.util.concurrent.ThreadPoolExecutor$Worker.runTask(ThreadPoolExecutor.java:886)
	at java.util.concurrent.ThreadPoolExecutor$Worker.run(ThreadPoolExecutor.java:908)
	at java.lang.Thread.run(Thread.java:680)
]]>
    </failure>
  </testcase> <!-- testThreadSafeClass -->
  <testcase name="testThreadSafeClass" time="0.249" classname="org.commons.jconfig.internal.ConfigManagerCacheTest">
    <failure type="java.lang.InterruptedException">
      <![CDATA[java.lang.InterruptedException
	at java.util.concurrent.locks.AbstractQueuedSynchronizer.doAcquireSharedInterruptibly(AbstractQueuedSynchronizer.java:979)
	at java.util.concurrent.locks.AbstractQueuedSynchronizer.acquireSharedInterruptibly(AbstractQueuedSynchronizer.java:1281)
	at java.util.concurrent.CountDownLatch.await(CountDownLatch.java:207)
	at org.commons.jconfig.internal.ConfigManagerCacheTest.testThreadSafeClass(ConfigManagerCacheTest.java:173)
	at java.lang.reflect.Method.invoke(Method.java:597)
	at java.util.concurrent.FutureTask$Sync.innerRun(FutureTask.java:303)
	at java.util.concurrent.FutureTask.run(FutureTask.java:138)
	at java.util.concurrent.ThreadPoolExecutor$Worker.runTask(ThreadPoolExecutor.java:886)
	at java.util.concurrent.ThreadPoolExecutor$Worker.run(ThreadPoolExecutor.java:908)
	at java.lang.Thread.run(Thread.java:680)
]]>
    </failure>
  </testcase> <!-- testThreadSafeClass -->
  <testcase name="testThreadSafeClass" time="0.265" classname="org.commons.jconfig.internal.ConfigManagerCacheTest">
    <failure type="java.lang.InterruptedException">
      <![CDATA[java.lang.InterruptedException
	at java.util.concurrent.locks.AbstractQueuedSynchronizer.doAcquireSharedInterruptibly(AbstractQueuedSynchronizer.java:979)
	at java.util.concurrent.locks.AbstractQueuedSynchronizer.acquireSharedInterruptibly(AbstractQueuedSynchronizer.java:1281)
	at java.util.concurrent.CountDownLatch.await(CountDownLatch.java:207)
	at org.commons.jconfig.internal.ConfigManagerCacheTest.testThreadSafeClass(ConfigManagerCacheTest.java:177)
	at java.lang.reflect.Method.invoke(Method.java:597)
	at java.util.concurrent.FutureTask$Sync.innerRun(FutureTask.java:303)
	at java.util.concurrent.FutureTask.run(FutureTask.java:138)
	at java.util.concurrent.ThreadPoolExecutor$Worker.runTask(ThreadPoolExecutor.java:886)
	at java.util.concurrent.ThreadPoolExecutor$Worker.run(ThreadPoolExecutor.java:908)
	at java.lang.Thread.run(Thread.java:680)
]]>
    </failure>
  </testcase> <!-- testThreadSafeClass -->
  <testcase name="testThreadSafeClass" time="0.223" classname="org.commons.jconfig.internal.ConfigManagerCacheTest">
    <failure type="java.lang.InterruptedException">
      <![CDATA[java.lang.InterruptedException
	at java.util.concurrent.locks.AbstractQueuedSynchronizer.doAcquireSharedInterruptibly(AbstractQueuedSynchronizer.java:979)
	at java.util.concurrent.locks.AbstractQueuedSynchronizer.acquireSharedInterruptibly(AbstractQueuedSynchronizer.java:1281)
	at java.util.concurrent.CountDownLatch.await(CountDownLatch.java:207)
	at org.commons.jconfig.internal.ConfigManagerCacheTest.testThreadSafeClass(ConfigManagerCacheTest.java:173)
	at java.lang.reflect.Method.invoke(Method.java:597)
	at java.util.concurrent.FutureTask$Sync.innerRun(FutureTask.java:303)
	at java.util.concurrent.FutureTask.run(FutureTask.java:138)
	at java.util.concurrent.ThreadPoolExecutor$Worker.runTask(ThreadPoolExecutor.java:886)
	at java.util.concurrent.ThreadPoolExecutor$Worker.run(ThreadPoolExecutor.java:908)
	at java.lang.Thread.run(Thread.java:680)
]]>
    </failure>
  </testcase> <!-- testThreadSafeClass -->
  <testcase name="testThreadSafeClass" time="0.197" classname="org.commons.jconfig.internal.ConfigManagerCacheTest">
    <failure type="java.lang.InterruptedException">
      <![CDATA[java.lang.InterruptedException
	at java.util.concurrent.locks.AbstractQueuedSynchronizer.doAcquireSharedInterruptibly(AbstractQueuedSynchronizer.java:979)
	at java.util.concurrent.locks.AbstractQueuedSynchronizer.acquireSharedInterruptibly(AbstractQueuedSynchronizer.java:1281)
	at java.util.concurrent.CountDownLatch.await(CountDownLatch.java:207)
	at org.commons.jconfig.internal.ConfigManagerCacheTest.testThreadSafeClass(ConfigManagerCacheTest.java:177)
	at java.lang.reflect.Method.invoke(Method.java:597)
	at java.util.concurrent.FutureTask$Sync.innerRun(FutureTask.java:303)
	at java.util.concurrent.FutureTask.run(FutureTask.java:138)
	at java.util.concurrent.ThreadPoolExecutor$Worker.runTask(ThreadPoolExecutor.java:886)
	at java.util.concurrent.ThreadPoolExecutor$Worker.run(ThreadPoolExecutor.java:908)
	at java.lang.Thread.run(Thread.java:680)
]]>
    </failure>
  </testcase> <!-- testThreadSafeClass -->
  <testcase name="testThreadSafeClass" time="0.242" classname="org.commons.jconfig.internal.ConfigManagerCacheTest">
    <failure type="java.lang.InterruptedException">
      <![CDATA[java.lang.InterruptedException
	at java.util.concurrent.locks.AbstractQueuedSynchronizer.doAcquireSharedInterruptibly(AbstractQueuedSynchronizer.java:979)
	at java.util.concurrent.locks.AbstractQueuedSynchronizer.acquireSharedInterruptibly(AbstractQueuedSynchronizer.java:1281)
	at java.util.concurrent.CountDownLatch.await(CountDownLatch.java:207)
	at org.commons.jconfig.internal.ConfigManagerCacheTest.testThreadSafeClass(ConfigManagerCacheTest.java:177)
	at java.lang.reflect.Method.invoke(Method.java:597)
	at java.util.concurrent.FutureTask$Sync.innerRun(FutureTask.java:303)
	at java.util.concurrent.FutureTask.run(FutureTask.java:138)
	at java.util.concurrent.ThreadPoolExecutor$Worker.runTask(ThreadPoolExecutor.java:886)
	at java.util.concurrent.ThreadPoolExecutor$Worker.run(ThreadPoolExecutor.java:908)
	at java.lang.Thread.run(Thread.java:680)
]]>
    </failure>
  </testcase> <!-- testThreadSafeClass -->
  <testcase name="testThreadSafeClass" time="0.24" classname="org.commons.jconfig.internal.ConfigManagerCacheTest">
    <failure type="java.lang.InterruptedException">
      <![CDATA[java.lang.InterruptedException
	at java.util.concurrent.locks.AbstractQueuedSynchronizer.doAcquireSharedInterruptibly(AbstractQueuedSynchronizer.java:979)
	at java.util.concurrent.locks.AbstractQueuedSynchronizer.acquireSharedInterruptibly(AbstractQueuedSynchronizer.java:1281)
	at java.util.concurrent.CountDownLatch.await(CountDownLatch.java:207)
	at org.commons.jconfig.internal.ConfigManagerCacheTest.testThreadSafeClass(ConfigManagerCacheTest.java:173)
	at java.lang.reflect.Method.invoke(Method.java:597)
	at java.util.concurrent.FutureTask$Sync.innerRun(FutureTask.java:303)
	at java.util.concurrent.FutureTask.run(FutureTask.java:138)
	at java.util.concurrent.ThreadPoolExecutor$Worker.runTask(ThreadPoolExecutor.java:886)
	at java.util.concurrent.ThreadPoolExecutor$Worker.run(ThreadPoolExecutor.java:908)
	at java.lang.Thread.run(Thread.java:680)
]]>
    </failure>
  </testcase> <!-- testThreadSafeClass -->
  <testcase name="testThreadSafeClass" time="0.222" classname="org.commons.jconfig.internal.ConfigManagerCacheTest">
    <failure type="java.lang.InterruptedException">
      <![CDATA[java.lang.InterruptedException
	at java.util.concurrent.locks.AbstractQueuedSynchronizer.doAcquireSharedInterruptibly(AbstractQueuedSynchronizer.java:979)
	at java.util.concurrent.locks.AbstractQueuedSynchronizer.acquireSharedInterruptibly(AbstractQueuedSynchronizer.java:1281)
	at java.util.concurrent.CountDownLatch.await(CountDownLatch.java:207)
	at org.commons.jconfig.internal.ConfigManagerCacheTest.testThreadSafeClass(ConfigManagerCacheTest.java:177)
	at java.lang.reflect.Method.invoke(Method.java:597)
	at java.util.concurrent.FutureTask$Sync.innerRun(FutureTask.java:303)
	at java.util.concurrent.FutureTask.run(FutureTask.java:138)
	at java.util.concurrent.ThreadPoolExecutor$Worker.runTask(ThreadPoolExecutor.java:886)
	at java.util.concurrent.ThreadPoolExecutor$Worker.run(ThreadPoolExecutor.java:908)
	at java.lang.Thread.run(Thread.java:680)
]]>
    </failure>
  </testcase> <!-- testThreadSafeClass -->
  <testcase name="testThreadSafeClass" time="0.198" classname="org.commons.jconfig.internal.ConfigManagerCacheTest">
    <failure type="java.lang.InterruptedException">
      <![CDATA[java.lang.InterruptedException
	at java.util.concurrent.locks.AbstractQueuedSynchronizer.doAcquireSharedInterruptibly(AbstractQueuedSynchronizer.java:979)
	at java.util.concurrent.locks.AbstractQueuedSynchronizer.acquireSharedInterruptibly(AbstractQueuedSynchronizer.java:1281)
	at java.util.concurrent.CountDownLatch.await(CountDownLatch.java:207)
	at org.commons.jconfig.internal.ConfigManagerCacheTest.testThreadSafeClass(ConfigManagerCacheTest.java:177)
	at java.lang.reflect.Method.invoke(Method.java:597)
	at java.util.concurrent.FutureTask$Sync.innerRun(FutureTask.java:303)
	at java.util.concurrent.FutureTask.run(FutureTask.java:138)
	at java.util.concurrent.ThreadPoolExecutor$Worker.runTask(ThreadPoolExecutor.java:886)
	at java.util.concurrent.ThreadPoolExecutor$Worker.run(ThreadPoolExecutor.java:908)
	at java.lang.Thread.run(Thread.java:680)
]]>
    </failure>
  </testcase> <!-- testThreadSafeClass -->
  <testcase name="testThreadSafeClass" time="0.201" classname="org.commons.jconfig.internal.ConfigManagerCacheTest">
    <failure type="java.lang.InterruptedException">
      <![CDATA[java.lang.InterruptedException
	at java.util.concurrent.locks.AbstractQueuedSynchronizer.doAcquireSharedInterruptibly(AbstractQueuedSynchronizer.java:979)
	at java.util.concurrent.locks.AbstractQueuedSynchronizer.acquireSharedInterruptibly(AbstractQueuedSynchronizer.java:1281)
	at java.util.concurrent.CountDownLatch.await(CountDownLatch.java:207)
	at org.commons.jconfig.internal.ConfigManagerCacheTest.testThreadSafeClass(ConfigManagerCacheTest.java:177)
	at java.lang.reflect.Method.invoke(Method.java:597)
	at java.util.concurrent.FutureTask$Sync.innerRun(FutureTask.java:303)
	at java.util.concurrent.FutureTask.run(FutureTask.java:138)
	at java.util.concurrent.ThreadPoolExecutor$Worker.runTask(ThreadPoolExecutor.java:886)
	at java.util.concurrent.ThreadPoolExecutor$Worker.run(ThreadPoolExecutor.java:908)
	at java.lang.Thread.run(Thread.java:680)
]]>
    </failure>
  </testcase> <!-- testThreadSafeClass -->
  <testcase name="testThreadSafeClass" time="0.207" classname="org.commons.jconfig.internal.ConfigManagerCacheTest">
    <failure type="java.lang.InterruptedException">
      <![CDATA[java.lang.InterruptedException
	at java.util.concurrent.locks.AbstractQueuedSynchronizer.doAcquireSharedInterruptibly(AbstractQueuedSynchronizer.java:979)
	at java.util.concurrent.locks.AbstractQueuedSynchronizer.acquireSharedInterruptibly(AbstractQueuedSynchronizer.java:1281)
	at java.util.concurrent.CountDownLatch.await(CountDownLatch.java:207)
	at org.commons.jconfig.internal.ConfigManagerCacheTest.testThreadSafeClass(ConfigManagerCacheTest.java:177)
	at java.lang.reflect.Method.invoke(Method.java:597)
	at java.util.concurrent.FutureTask$Sync.innerRun(FutureTask.java:303)
	at java.util.concurrent.FutureTask.run(FutureTask.java:138)
	at java.util.concurrent.ThreadPoolExecutor$Worker.runTask(ThreadPoolExecutor.java:886)
	at java.util.concurrent.ThreadPoolExecutor$Worker.run(ThreadPoolExecutor.java:908)
	at java.lang.Thread.run(Thread.java:680)
]]>
    </failure>
  </testcase> <!-- testThreadSafeClass -->
  <testcase name="testThreadSafeClass" time="0.153" classname="org.commons.jconfig.internal.ConfigManagerCacheTest">
    <failure type="java.lang.InterruptedException">
      <![CDATA[java.lang.InterruptedException
	at java.util.concurrent.locks.AbstractQueuedSynchronizer.doAcquireSharedInterruptibly(AbstractQueuedSynchronizer.java:979)
	at java.util.concurrent.locks.AbstractQueuedSynchronizer.acquireSharedInterruptibly(AbstractQueuedSynchronizer.java:1281)
	at java.util.concurrent.CountDownLatch.await(CountDownLatch.java:207)
	at org.commons.jconfig.internal.ConfigManagerCacheTest.testThreadSafeClass(ConfigManagerCacheTest.java:177)
	at java.lang.reflect.Method.invoke(Method.java:597)
	at java.util.concurrent.FutureTask$Sync.innerRun(FutureTask.java:303)
	at java.util.concurrent.FutureTask.run(FutureTask.java:138)
	at java.util.concurrent.ThreadPoolExecutor$Worker.runTask(ThreadPoolExecutor.java:886)
	at java.util.concurrent.ThreadPoolExecutor$Worker.run(ThreadPoolExecutor.java:908)
	at java.lang.Thread.run(Thread.java:680)
]]>
    </failure>
  </testcase> <!-- testThreadSafeClass -->
  <testcase name="testThreadSafeClass" time="0.125" classname="org.commons.jconfig.internal.ConfigManagerCacheTest">
    <failure type="java.lang.InterruptedException">
      <![CDATA[java.lang.InterruptedException
	at java.util.concurrent.locks.AbstractQueuedSynchronizer.acquireSharedInterruptibly(AbstractQueuedSynchronizer.java:1279)
	at java.util.concurrent.CountDownLatch.await(CountDownLatch.java:207)
	at org.commons.jconfig.internal.ConfigManagerCacheTest.testThreadSafeClass(ConfigManagerCacheTest.java:173)
	at java.lang.reflect.Method.invoke(Method.java:597)
	at java.util.concurrent.FutureTask$Sync.innerRun(FutureTask.java:303)
	at java.util.concurrent.FutureTask.run(FutureTask.java:138)
	at java.util.concurrent.ThreadPoolExecutor$Worker.runTask(ThreadPoolExecutor.java:886)
	at java.util.concurrent.ThreadPoolExecutor$Worker.run(ThreadPoolExecutor.java:908)
	at java.lang.Thread.run(Thread.java:680)
]]>
    </failure>
  </testcase> <!-- testThreadSafeClass -->
  <testcase name="testThreadSafeClass" time="0.118" classname="org.commons.jconfig.internal.ConfigManagerCacheTest">
    <failure type="java.lang.InterruptedException">
      <![CDATA[java.lang.InterruptedException
	at java.util.concurrent.locks.AbstractQueuedSynchronizer.doAcquireSharedInterruptibly(AbstractQueuedSynchronizer.java:979)
	at java.util.concurrent.locks.AbstractQueuedSynchronizer.acquireSharedInterruptibly(AbstractQueuedSynchronizer.java:1281)
	at java.util.concurrent.CountDownLatch.await(CountDownLatch.java:207)
	at org.commons.jconfig.internal.ConfigManagerCacheTest.testThreadSafeClass(ConfigManagerCacheTest.java:173)
	at java.lang.reflect.Method.invoke(Method.java:597)
	at java.util.concurrent.FutureTask$Sync.innerRun(FutureTask.java:303)
	at java.util.concurrent.FutureTask.run(FutureTask.java:138)
	at java.util.concurrent.ThreadPoolExecutor$Worker.runTask(ThreadPoolExecutor.java:886)
	at java.util.concurrent.ThreadPoolExecutor$Worker.run(ThreadPoolExecutor.java:908)
	at java.lang.Thread.run(Thread.java:680)
]]>
    </failure>
  </testcase> <!-- testThreadSafeClass -->
  <testcase name="testThreadSafeClass" time="0.036" classname="org.commons.jconfig.internal.ConfigManagerCacheTest">
    <failure type="java.lang.InterruptedException">
      <![CDATA[java.lang.InterruptedException
	at java.util.concurrent.locks.AbstractQueuedSynchronizer.doAcquireSharedInterruptibly(AbstractQueuedSynchronizer.java:979)
	at java.util.concurrent.locks.AbstractQueuedSynchronizer.acquireSharedInterruptibly(AbstractQueuedSynchronizer.java:1281)
	at java.util.concurrent.CountDownLatch.await(CountDownLatch.java:207)
	at org.commons.jconfig.internal.ConfigManagerCacheTest.testThreadSafeClass(ConfigManagerCacheTest.java:173)
	at java.lang.reflect.Method.invoke(Method.java:597)
	at java.util.concurrent.FutureTask$Sync.innerRun(FutureTask.java:303)
	at java.util.concurrent.FutureTask.run(FutureTask.java:138)
	at java.util.concurrent.ThreadPoolExecutor$Worker.runTask(ThreadPoolExecutor.java:886)
	at java.util.concurrent.ThreadPoolExecutor$Worker.run(ThreadPoolExecutor.java:908)
	at java.lang.Thread.run(Thread.java:680)
]]>
    </failure>
  </testcase> <!-- testThreadSafeClass -->
  <testcase name="testThreadSafeClass" time="0.105" classname="org.commons.jconfig.internal.ConfigManagerCacheTest">
    <failure type="java.lang.InterruptedException">
      <![CDATA[java.lang.InterruptedException
	at java.util.concurrent.locks.AbstractQueuedSynchronizer.acquireSharedInterruptibly(AbstractQueuedSynchronizer.java:1279)
	at java.util.concurrent.CountDownLatch.await(CountDownLatch.java:207)
	at org.commons.jconfig.internal.ConfigManagerCacheTest.testThreadSafeClass(ConfigManagerCacheTest.java:173)
	at java.lang.reflect.Method.invoke(Method.java:597)
	at java.util.concurrent.FutureTask$Sync.innerRun(FutureTask.java:303)
	at java.util.concurrent.FutureTask.run(FutureTask.java:138)
	at java.util.concurrent.ThreadPoolExecutor$Worker.runTask(ThreadPoolExecutor.java:886)
	at java.util.concurrent.ThreadPoolExecutor$Worker.run(ThreadPoolExecutor.java:908)
	at java.lang.Thread.run(Thread.java:680)
]]>
    </failure>
  </testcase> <!-- testThreadSafeClass -->
  <testcase name="testThreadSafeClass" time="0.129" classname="org.commons.jconfig.internal.ConfigManagerCacheTest">
    <failure type="java.lang.InterruptedException">
      <![CDATA[java.lang.InterruptedException
	at java.util.concurrent.locks.AbstractQueuedSynchronizer.acquireSharedInterruptibly(AbstractQueuedSynchronizer.java:1279)
	at java.util.concurrent.CountDownLatch.await(CountDownLatch.java:207)
	at org.commons.jconfig.internal.ConfigManagerCacheTest.testThreadSafeClass(ConfigManagerCacheTest.java:173)
	at java.lang.reflect.Method.invoke(Method.java:597)
	at java.util.concurrent.FutureTask$Sync.innerRun(FutureTask.java:303)
	at java.util.concurrent.FutureTask.run(FutureTask.java:138)
	at java.util.concurrent.ThreadPoolExecutor$Worker.runTask(ThreadPoolExecutor.java:886)
	at java.util.concurrent.ThreadPoolExecutor$Worker.run(ThreadPoolExecutor.java:908)
	at java.lang.Thread.run(Thread.java:680)
]]>
    </failure>
  </testcase> <!-- testThreadSafeClass -->
</testsuite> <!-- Default test -->
