<?xml version="1.0" encoding="UTF-8"?>
<!-- Generated by org.testng.reporters.JUnitXMLReporter -->
<testsuite hostname="wentwestjust-lm" name="Default test" tests="3" failures="0" timestamp="19 Aug 2013 01:17:43 GMT" time="0.177" errors="0">
  <testcase name="testLSGAdapter" time="0.153" classname="org.commons.jconfig.loader.adapters.LsgAdapterTest"/>
  <testcase name="testLSGAdapterMissingAutoConfFile" time="0.0020" classname="org.commons.jconfig.loader.adapters.LsgAdapterTest"/>
  <testcase name="testLSGAdapterMissingLsgConfig" time="0.0020" classname="org.commons.jconfig.loader.adapters.LsgAdapterTest"/>
</testsuite> <!-- Default test -->
